========================================================================
READ_ASCII_FILE: unknown
READ_ASCII_FILE: File: input.nml
========================================================================
READ_INPUT_NML: unknown
READ_INPUT_NML: input.nml 
  &MOM_input_nml
          output_directory = './outputs/',
          input_filename = 'n'
          restart_input_dir = 'INPUT/',
          restart_output_dir = 'RESTART/',
          parameter_filename = 'MOM_input',
                               'MOM_override' /
 
  &diag_manager_nml
  /
 
  &fms_nml
          clock_grain='MODULE',
          clock_flags='NONE',
          domains_stack_size = 4838400,
          stack_size = 0 /
 

MPP module unknown
MPP started with NPES=    20
Using MPI library for message passing...
Realtime clock resolution=  1.0000E-09 sec ( 999999999 ticks/sec)
Clock rolls over after   9.2234E+09 sec ( 9223372036854775806 ticks)

MPP Parameter module unknown

MPP Data module unknown

MPP_DOMAINS module unknown
&MPP_IO_NML
 HEADER_BUFFER_VAL=16384      ,
 GLOBAL_FIELD_ON_ROOT_PE=T,
 IO_CLOCKS_ON=F,
 SHUFFLE=0          ,
 DEFLATE_LEVEL=-1         ,
 CF_COMPLIANCE=F,
 /

MPP_IO module unknown

Using netCDF library version 4.8.1 of Sep  4 2021 13:24:12 $

================================================================================
FMS_IO_MOD
unknown

================================================================================
FMS_MOD
unknown
&FMS_NML
 READ_ALL_PE=T,
 CLOCK_GRAIN="MODULE          ",
 CLOCK_FLAGS="NONE            ",
 WARNING_LEVEL="warning ",
 IOSPEC_IEEE32="-N ieee_32                                                      ",
 STACK_SIZE=0          ,
 DOMAINS_STACK_SIZE=4838400    ,
 PRINT_MEMORY_USAGE=F,
 /
 nml_error_codes=

================================================================================
CONSTANTS_MOD
unknown

================================================================================
TIME_MANAGER_MOD
unknown

================================================================================
TIME_INTERP_EXTERNAL_MOD
unknown
&TIME_INTERP_EXTERNAL_NML
 NUM_IO_BUFFERS=2          ,
 DEBUG_THIS_MODULE=F,
 MAX_FIELDS=100        ,
 MAX_FILES=40         ,
 /

================================================================================
TIME_INTERP_MOD
unknown
&TIME_INTERP_NML
 PERTHLIKE_BEHAVIOR=F,
 /
find_obsolete_params: unknown
MOM_unit_scaling: unknown
  MOM_unit_scaling Z_RESCALE_POWER: 0
  MOM_unit_scaling L_RESCALE_POWER: 0
  MOM_unit_scaling T_RESCALE_POWER: 0
  MOM_unit_scaling R_RESCALE_POWER: 0
  MOM_unit_scaling Q_RESCALE_POWER: 0
MOM: unknown
  MOM VERBOSITY: 2
  MOM DO_UNIT_TESTS: False
  MOM SPLIT: True
  MOM CALC_RHO_FOR_SEA_LEVEL: False
  MOM ENABLE_THERMODYNAMICS: True
  MOM USE_EOS: True
  MOM DIABATIC_FIRST: False
  MOM USE_CONTEMP_ABSSAL: False
  MOM ADIABATIC: False
  MOM DO_DYNAMICS: True
  MOM OFFLINE_TRACER_MODE: False
  MOM USE_REGRIDDING: False
  MOM BULKMIXEDLAYER: True
  MOM THICKNESSDIFFUSE: True
  MOM THICKNESSDIFFUSE_FIRST: True
  MOM BATHYMETRY_AT_VEL: False
  MOM DEBUG: False
  MOM DEBUG_TRUNCATIONS: False
  MOM DT: 3600.0
  MOM DT_THERM: 7200.0
  MOM THERMO_SPANS_COUPLING: False
  MOM HFREEZE: -1.0
  MOM INTERPOLATE_P_SURF: False
  MOM DTBT: -0.95
  MOM DTBT_RESET_PERIOD: 0.0
  MOM FRAZIL: True
  MOM DO_GEOTHERMAL: True
  MOM BOUND_SALINITY: True
  MOM MIN_SALINITY: 0.0
  MOM C_P: 3925.0
  MOM USE_PSURF_IN_EOS: True
  MOM P_REF: 2.0E+07
  MOM NKML: 2
  MOM NKBL: 2
  MOM GLOBAL_INDEXING: False
  MOM FIRST_DIRECTION: 0
  MOM CHECK_BAD_SURFACE_VALS: False
  MOM DEFAULT_2018_ANSWERS: False
  MOM SURFACE_2018_ANSWERS: False
  MOM USE_DIABATIC_TIME_BUG: False
  MOM SAVE_INITIAL_CONDS: True
  MOM IC_OUTPUT_FILE: GOLD_IC
  MOM WRITE_GEOM: 1
  MOM ICE_SHELF: False
  MOM ENSEMBLE_OCEAN: False
  MOM ROTATE_INDEX: False
MOM_domains: unknown
  MOM_domains REENTRANT_X: True
  MOM_domains REENTRANT_Y: False
  MOM_domains TRIPOLAR_N: True
  MOM_domains !SYMMETRIC_MEMORY_: True
  MOM_domains NONBLOCKING_UPDATES: False
  MOM_domains THIN_HALO_UPDATES: True
  MOM_domains !STATIC_MEMORY_: False
  MOM_domains NIGLOBAL: 360
  MOM_domains NJGLOBAL: 210
  MOM_domains NIHALO: 4
  MOM_domains NJHALO: 4
  MOM_domains MASKTABLE: MOM_mask_table
  MOM_domains NIPROC: 5
  MOM_domains NJPROC: 4
  MOM_domains LAYOUT: 5, 4
  MOM_domains IO_LAYOUT: 1, 1

MOM_in domain decomposition:     5 X    4
   pe,   is,  ie,  js,  je,    isd, ied, jsd, jed

MOM_inc domain decomposition:     5 X    4
   pe,   is,  ie,  js,  je,    isd, ied, jsd, jed
MOM_debugging: unknown
  MOM_debugging DEBUG: False
  MOM_debugging DEBUG_CHKSUMS: False
  MOM_debugging DEBUG_REDUNDANT: False
MOM_checksums: unknown

================================================================================
DIAG_UTIL_MOD
unknown

================================================================================
DIAG_DATA_MOD
unknown

================================================================================
DIAG_MANAGER_MOD
unknown
&DIAG_MANAGER_NML
 APPEND_PELIST_NAME=F,
 MIX_SNAPSHOT_AVERAGE_FIELDS=F,
 MAX_OUTPUT_FIELDS=300        ,
 MAX_INPUT_FIELDS=600        ,
 MAX_AXES=60         ,
 DO_DIAG_FIELD_LOG=F,
 WRITE_BYTES_IN_FILE=F,
 DEBUG_DIAG_MANAGER=F,
 MAX_NUM_AXIS_SETS=25         ,
 MAX_FILES=31         ,
 USE_CMOR=F,
 ISSUE_OOR_WARNINGS=T,
 OOR_WARNINGS_FATAL=F,
 MAX_OUT_PER_IN_FIELD=150        ,
 FLUSH_NC_FILES=F,
 REGION_OUT_USE_ALT_VALUE=T,
 MAX_FIELD_ATTRIBUTES=4          ,
 MAX_FILE_ATTRIBUTES=2          ,
 MAX_AXIS_ATTRIBUTES=4          ,
 PREPEND_DATE=T,
 WRITE_MANIFEST_FILE=F,
 /
========================================================================
READ_ASCII_FILE: unknown
READ_ASCII_FILE: File: diag_table
base date used =    1 January  1  0:00:00 gmt

================================================================================
DIAG_AXIS_MOD
unknown
MOM_io: unknown
MOM_hor_index: unknown

MOM_in domain decomposition:     5 X    4
   pe,   is,  ie,  js,  je,    isd, ied, jsd, jed

MOM_in domain decomposition:     5 X    4
   pe,   is,  ie,  js,  je,    isd, ied, jsd, jed
MOM_fixed_initialization: unknown
  MOM_fixed_initialization DEBUG: False
  MOM_fixed_initialization INPUTDIR: INPUT
MOM_grid_init: unknown
  MOM_grid_init GRID_CONFIG: mosaic
  MOM_grid_init DEBUG: False
  MOM_grid_init set_grid_metrics_from_mosaic GRID_FILE: ocean_hgrid.nc
  MOM_grid_init set_grid_metrics_from_mosaic USE_TRIPOLAR_GEOLONB_BUG: False
  MOM_grid_init set_grid_metrics_from_mosaic INPUTDIR: INPUT
  MOM_grid_init set_grid_metrics_from_mosaic INPUTDIR/GRID_FILE: INPUT/ocean_hgrid.nc

MOM_MOSAIC domain decomposition:     5 X    4
   pe,   is,  ie,  js,  je,    isd, ied, jsd, jed

MOM_MOSAIC domain decomposition:     5 X    4
   pe,   is,  ie,  js,  je,    isd, ied, jsd, jed
  MOM_initialize_topography TOPO_CONFIG: file
  initialize_topography_from_file INPUTDIR: INPUT
  initialize_topography_from_file TOPO_FILE: topog.nc
  initialize_topography_from_file TOPO_VARNAME: depth
  initialize_topography_from_file INPUTDIR/TOPO_FILE: INPUT/topog.nc
  apply_topography_edits_from_file INPUTDIR: INPUT
  apply_topography_edits_from_file TOPO_EDITS_FILE:
  apply_topography_edits_from_file ALLOW_LANDMASK_CHANGES: False
  apply_topography_edits_from_file MINIMUM_DEPTH: 0.5
  apply_topography_edits_from_file MASKING_DEPTH: -9999.0
  MOM_initialize_topography MAXIMUM_DEPTH: 6000.0
  limit_topography MINIMUM_DEPTH: 0.5
MOM_open_boundary: unknown
  MOM_open_boundary OBC_NUMBER_OF_SEGMENTS: 0
  MOM_grid_init initialize_masks MINIMUM_DEPTH: 0.5
  MOM_grid_init initialize_masks MASKING_DEPTH: -9999.0
  MOM_fixed_initialization CHANNEL_CONFIG: global_1deg
  MOM_initialize_rotation ROTATION: 2omegasinlat
  set_rotation_planetary OMEGA: 7.2921E-05
  initialize_grid_rotation_angle GRID_ROTATION_ANGLE_BUGS: False
MOM_verticalGrid: unknown
  MOM_verticalGrid G_EARTH: 9.8
  MOM_verticalGrid RHO_0: 1035.0
  MOM_verticalGrid BOUSSINESQ: True
  MOM_verticalGrid ANGSTROM: 1.0E-10
  MOM_verticalGrid H_RESCALE_POWER: 0
  MOM_verticalGrid H_TO_M: 1.0
  MOM_verticalGrid NK: 63
  MOM_verticalGrid M to THICKNESS: 1.0
  MOM_verticalGrid M to THICKNESS rescaled by 2^-n: 1.0
  MOM_verticalGrid THICKNESS to M rescaled by 2^n: 1.0

MOM_in domain decomposition:     5 X    4
   pe,   is,  ie,  js,  je,    isd, ied, jsd, jed

MOM_in domain decomposition:     5 X    4
   pe,   is,  ie,  js,  je,    isd, ied, jsd, jed
MOM_tracer_registry: unknown
MOM_EOS: unknown
  MOM_EOS EQN_OF_STATE: WRIGHT
  MOM_EOS EOS_QUADRATURE: False
  MOM_EOS TFREEZE_FORM: LINEAR
  MOM_EOS TFREEZE_S0_P0: 0.0
  MOM_EOS DTFREEZE_DS: -0.054
  MOM_EOS DTFREEZE_DP: 0.0
MOM_restart: unknown
  MOM_restart PARALLEL_RESTARTFILES: False
  MOM_restart RESTARTFILE: MOM.res
  MOM_restart LARGE_FILE_SUPPORT: True
  MOM_restart MAX_FIELDS: 100
  MOM_restart RESTART_CHECKSUMS_REQUIRED: True
MOM_tracer_flow_control: unknown
  MOM_tracer_flow_control USE_USER_TRACER_EXAMPLE: False
  MOM_tracer_flow_control USE_DOME_TRACER: False
  MOM_tracer_flow_control USE_ISOMIP_TRACER: False
  MOM_tracer_flow_control USE_RGC_TRACER: False
  MOM_tracer_flow_control USE_IDEAL_AGE_TRACER: True
  MOM_tracer_flow_control USE_REGIONAL_DYES: False
  MOM_tracer_flow_control USE_OIL_TRACER: False
  MOM_tracer_flow_control USE_ADVECTION_TEST_TRACER: False
  MOM_tracer_flow_control USE_OCMIP2_CFC: False
  MOM_tracer_flow_control USE_generic_tracer: False
  MOM_tracer_flow_control USE_PSEUDO_SALT_TRACER: False
  MOM_tracer_flow_control USE_BOUNDARY_IMPULSE_TRACER: False
  MOM_tracer_flow_control USE_DYED_OBC_TRACER: False
ideal_age_example: unknown
  ideal_age_example DO_IDEAL_AGE: True
  ideal_age_example DO_IDEAL_VINTAGE: False
  ideal_age_example DO_IDEAL_AGE_DATED: False
  ideal_age_example AGE_IC_FILE:
  ideal_age_example AGE_IC_FILE_IS_Z: False
  ideal_age_example TRACERS_MAY_REINIT: False
MOM_grid: unknown
  MOM_grid NIBLOCK: 1
  MOM_grid NJBLOCK: 1
  MOM_grid REFERENCE_HEIGHT: 0.0
  write_ocean_geometry_file PARALLEL_RESTARTFILES: False
MOM_coord_initialization: unknown
  MOM_coord_initialization DEBUG: False
  MOM_coord_initialization COORD_CONFIG: file
  set_coord_from_file GFS: 9.8
  set_coord_from_file INPUTDIR: INPUT
  set_coord_from_file COORD_FILE: GOLD_IC.2010.11.15.nc
  set_coord_from_file COORD_VAR: Layer
  set_coord_from_file INPUTDIR/COORD_FILE: INPUT/GOLD_IC.2010.11.15.nc

MOM_in domain decomposition:     5 X    4
   pe,   is,  ie,  js,  je,    isd, ied, jsd, jed

MOM_in domain decomposition:     5 X    4
   pe,   is,  ie,  js,  je,    isd, ied, jsd, jed
MOM_state_initialization: unknown
  MOM_state_initialization DEBUG: False
  MOM_state_initialization DEBUG_OBC: False
  MOM_state_initialization INPUTDIR: INPUT
  MOM_state_initialization INIT_LAYERS_FROM_Z_FILE: False
  MOM_state_initialization THICKNESS_CONFIG: file
  initialize_thickness_from_file INPUTDIR: INPUT
  initialize_thickness_from_file THICKNESS_FILE: GOLD_IC.2010.11.15.nc
  initialize_thickness_from_file INPUTDIR/THICKNESS_FILE: INPUT/GOLD_IC.2010.11.15.nc
  initialize_thickness_from_file ADJUST_THICKNESS: True
  MOM_state_initialization TS_CONFIG: file
  initialize_temp_salt_from_file TS_FILE: GOLD_IC.2010.11.15.nc
  initialize_temp_salt_from_file INPUTDIR: INPUT
  initialize_temp_salt_from_file INPUTDIR/TS_FILE: INPUT/GOLD_IC.2010.11.15.nc
  initialize_temp_salt_from_file TEMP_IC_VAR: PTEMP
  initialize_temp_salt_from_file SALT_IC_VAR: SALT
  initialize_temp_salt_from_file SALT_FILE: GOLD_IC.2010.11.15.nc
  MOM_state_initialization VELOCITY_CONFIG: zero
  MOM_state_initialization CONVERT_THICKNESS_UNITS: False
  MOM_state_initialization DEPRESS_INITIAL_SURFACE: False
  MOM_state_initialization TRIM_IC_FOR_P_SURF: False
  MOM_state_initialization ODA_INCUPD: False
  MOM_state_initialization SPONGE: False
MOM_diag_mediator: unknown
  MOM_diag_mediator NUM_DIAG_COORDS: 1
  MOM_diag_mediator DEFAULT_2018_ANSWERS: False
  MOM_diag_mediator REMAPPING_2018_ANSWERS: False
  MOM_diag_mediator USE_GRID_SPACE_DIAGNOSTIC_AXES: False
  MOM_diag_mediator DIAG_COORDS: z Z ZSTAR
  MOM_diag_mediator DIAG_MISVAL: 1.0E+20
  MOM_diag_mediator DIAG_AS_CHKSUM: False
  MOM_diag_mediator AVAILABLE_DIAGS_FILE: available_diags.000000
  MOM_diag_remap INPUTDIR: INPUT
  MOM_diag_remap DIAG_COORD_DEF_Z: WOA09
MOM_MEKE: unknown
  MOM_MEKE USE_MEKE: True
  MOM_MEKE MEKE_DAMPING: 0.0
  MOM_MEKE MEKE_CD_SCALE: 0.0
  MOM_MEKE MEKE_CB: 25.0
  MOM_MEKE MEKE_MIN_GAMMA2: 1.0E-04
  MOM_MEKE MEKE_CT: 50.0
  MOM_MEKE MEKE_GMCOEFF: 1.0
  MOM_MEKE MEKE_GEOMETRIC: False
  MOM_MEKE MEKE_GEOMETRIC_ALPHA: 0.05
  MOM_MEKE MEKE_EQUILIBRIUM_ALT: False
  MOM_MEKE MEKE_EQUILIBRIUM_RESTORING: False
  MOM_MEKE MEKE_FRCOEFF: -1.0
  MOM_MEKE MEKE_GMECOEFF: -1.0
  MOM_MEKE MEKE_BGSRC: 0.0
  MOM_MEKE MEKE_KH: -1.0
  MOM_MEKE MEKE_K4: -1.0
  MOM_MEKE MEKE_DTSCALE: 1.0
  MOM_MEKE MEKE_KHCOEFF: 1.0
  MOM_MEKE MEKE_USCALE: 0.0
  MOM_MEKE MEKE_GM_SRC_ALT: False
  MOM_MEKE MEKE_VISC_DRAG: True
  MOM_MEKE MEKE_KHTH_FAC: 0.0
  MOM_MEKE MEKE_KHTR_FAC: 0.0
  MOM_MEKE MEKE_KHMEKE_FAC: 0.0
  MOM_MEKE MEKE_OLD_LSCALE: False
  MOM_MEKE MEKE_MIN_LSCALE: False
  MOM_MEKE MEKE_RD_MAX_SCALE: False
  MOM_MEKE MEKE_VISCOSITY_COEFF_KU: 0.0
  MOM_MEKE MEKE_VISCOSITY_COEFF_AU: 0.0
  MOM_MEKE MEKE_FIXED_MIXING_LENGTH: 0.0
  MOM_MEKE MEKE_ALPHA_DEFORM: 0.0
  MOM_MEKE MEKE_ALPHA_RHINES: 0.0
  MOM_MEKE MEKE_ALPHA_EADY: 0.0
  MOM_MEKE MEKE_ALPHA_FRICT: 0.0
  MOM_MEKE MEKE_ALPHA_GRID: 0.0
  MOM_MEKE MEKE_COLD_START: False
  MOM_MEKE MEKE_BACKSCAT_RO_C: 0.0
  MOM_MEKE MEKE_BACKSCAT_RO_POW: 0.0
  MOM_MEKE MEKE_ADVECTION_FACTOR: 0.0
  MOM_MEKE MEKE_TOPOGRAPHIC_BETA: 0.0
  MOM_MEKE CDRAG: 0.003
  MOM_MEKE MEKE_CDRAG: 0.003
MOM_lateral_mixing_coeffs: unknown
  MOM_lateral_mixing_coeffs USE_VARIABLE_MIXING: True
  MOM_lateral_mixing_coeffs USE_VISBECK: False
  MOM_lateral_mixing_coeffs RESOLN_SCALED_KH: True
  MOM_lateral_mixing_coeffs DEPTH_SCALED_KHTH: False
  MOM_lateral_mixing_coeffs RESOLN_SCALED_KHTH: True
  MOM_lateral_mixing_coeffs RESOLN_SCALED_KHTR: False
  MOM_lateral_mixing_coeffs RESOLN_USE_EBT: False
  MOM_lateral_mixing_coeffs KHTH_USE_EBT_STRUCT: False
  MOM_lateral_mixing_coeffs KHTH_SLOPE_CFF: 0.25
  MOM_lateral_mixing_coeffs KHTR_SLOPE_CFF: 0.25
  MOM_lateral_mixing_coeffs USE_STORED_SLOPES: False
  MOM_lateral_mixing_coeffs VERY_SMALL_FREQUENCY: 1.0E-17
  MOM_lateral_mixing_coeffs USE_SIMPLER_EADY_GROWTH_RATE: False
  MOM_lateral_mixing_coeffs VARMIX_KTOP: 6
  MOM_lateral_mixing_coeffs VISBECK_L_SCALE: 3.0E+04
  MOM_lateral_mixing_coeffs KH_RES_SCALE_COEF: 1.0
  MOM_lateral_mixing_coeffs KH_RES_FN_POWER: 2
  MOM_lateral_mixing_coeffs VISC_RES_SCALE_COEF: 1.0
  MOM_lateral_mixing_coeffs VISC_RES_FN_POWER: 2
  MOM_lateral_mixing_coeffs INTERPOLATE_RES_FN: False
  MOM_lateral_mixing_coeffs GILL_EQUATORIAL_LD: True
  MOM_lateral_mixing_coeffs DEFAULT_2018_ANSWERS: False
  MOM_lateral_mixing_coeffs REMAPPING_2018_ANSWERS: False
  MOM_lateral_mixing_coeffs INTERNAL_WAVE_SPEED_TOL: 0.001
  MOM_lateral_mixing_coeffs INTERNAL_WAVE_SPEED_MIN: 0.0
  MOM_lateral_mixing_coeffs INTERNAL_WAVE_SPEED_BETTER_EST: False
MOM_wave_speed: unknown
  MOM_lateral_mixing_coeffs USE_QG_LEITH_GM: False
MOM_set_visc: unknown
  MOM_set_visc INPUTDIR: INPUT
  MOM_set_visc DEFAULT_2018_ANSWERS: False
  MOM_set_visc SET_VISC_2018_ANSWERS: False
  MOM_set_visc BOTTOMDRAGLAW: True
  MOM_set_visc CHANNEL_DRAG: True
  MOM_set_visc LINEAR_DRAG: False
  MOM_set_visc PRANDTL_TURB: 1.0
  MOM_set_visc DEBUG: False
  MOM_set_visc DYNAMIC_VISCOUS_ML: True
  MOM_set_visc BULK_RI_ML: 0.05
  MOM_set_visc BULK_RI_ML_VISC: 0.05
  MOM_set_visc TKE_DECAY: 10.0
  MOM_set_visc TKE_DECAY_VISC: 10.0
  MOM_set_visc ML_OMEGA_FRAC: 1.0
  MOM_set_visc OMEGA: 7.2921E-05
  MOM_set_visc HBBL: 10.0
  MOM_set_visc CDRAG: 0.003
  MOM_set_visc BBL_USE_TIDAL_BG: False
  MOM_set_visc DRAG_BG_VEL: 0.1
  MOM_set_visc BBL_USE_EOS: False
  MOM_set_visc BBL_THICK_MIN: 0.1
  MOM_set_visc HTBL_SHELF_MIN: 0.1
  MOM_set_visc HTBL_SHELF: 10.0
  MOM_set_visc KV: 1.0E-04
  MOM_set_visc KV_BBL_MIN: 1.0E-04
  MOM_set_visc KV_TBL_MIN: 1.0E-04
  MOM_set_visc CORRECT_BBL_BOUNDS: False
  MOM_set_visc SMAG_LAP_CONST: -1.0
  MOM_set_visc SMAG_CONST_CHANNEL: 0.15
MOM_thickness_diffuse: unknown
  MOM_thickness_diffuse THICKNESSDIFFUSE: True
  MOM_thickness_diffuse KHTH: 10.0
  MOM_thickness_diffuse KHTH_SLOPE_CFF: 0.25
  MOM_thickness_diffuse KHTH_MIN: 0.0
  MOM_thickness_diffuse KHTH_MAX: 900.0
  MOM_thickness_diffuse KHTH_MAX_CFL: 0.8
  MOM_thickness_diffuse DETANGLE_INTERFACES: False
  MOM_thickness_diffuse KHTH_SLOPE_MAX: 0.01
  MOM_thickness_diffuse KD_SMOOTH: 1.0E-06
  MOM_thickness_diffuse KHTH_USE_FGNV_STREAMFUNCTION: False
  MOM_thickness_diffuse STANLEY_PRM_DET_COEFF: -1.0
  MOM_thickness_diffuse DEBUG: False
  MOM_thickness_diffuse MEKE_GM_SRC_ALT: False
  MOM_thickness_diffuse MEKE_GEOMETRIC: False
  MOM_thickness_diffuse USE_KH_IN_MEKE: False
  MOM_thickness_diffuse USE_GME: False
  MOM_thickness_diffuse USE_GM_WORK_BUG: False
MOM_dynamics_split_RK2: unknown
  MOM_dynamics_split_RK2 TIDES: True
  MOM_dynamics_split_RK2 BE: 0.6
  MOM_dynamics_split_RK2 BEGW: 0.0
  MOM_dynamics_split_RK2 SPLIT_BOTTOM_STRESS: False
  MOM_dynamics_split_RK2 BT_USE_LAYER_FLUXES: True
  MOM_dynamics_split_RK2 DEBUG: False
  MOM_dynamics_split_RK2 DEBUG_OBC: False
  MOM_dynamics_split_RK2 DEBUG_TRUNCATIONS: False
MOM_continuity: unknown
  MOM_continuity CONTINUITY_SCHEME: PPM
MOM_continuity_PPM: unknown
  MOM_continuity_PPM MONOTONIC_CONTINUITY: False
  MOM_continuity_PPM SIMPLE_2ND_PPM_CONTINUITY: False
  MOM_continuity_PPM UPWIND_1ST_CONTINUITY: False
  MOM_continuity_PPM ETA_TOLERANCE: 1.0E-06
  MOM_continuity_PPM ETA_TOLERANCE_AUX: 1.0E-06
  MOM_continuity_PPM VELOCITY_TOLERANCE: 1.0E-04
  MOM_continuity_PPM CONT_PPM_AGGRESS_ADJUST: False
  MOM_continuity_PPM CONT_PPM_VOLUME_BASED_CFL: False
  MOM_continuity_PPM CONTINUITY_CFL_LIMIT: 0.5
  MOM_continuity_PPM CONT_PPM_BETTER_ITER: True
  MOM_continuity_PPM CONT_PPM_USE_VISC_REM_MAX: True
  MOM_continuity_PPM CONT_PPM_MARGINAL_FACE_AREAS: True
MOM_CoriolisAdv: unknown
  MOM_CoriolisAdv NOSLIP: False
  MOM_CoriolisAdv CORIOLIS_EN_DIS: False
  MOM_CoriolisAdv CORIOLIS_SCHEME: SADOURNY75_ENERGY
  MOM_CoriolisAdv BOUND_CORIOLIS: True
  MOM_CoriolisAdv KE_SCHEME: KE_ARAKAWA
  MOM_CoriolisAdv PV_ADV_SCHEME: PV_ADV_CENTERED
MOM_tidal_forcing: unknown
  MOM_tidal_forcing TIDES: True
  MOM_tidal_forcing TIDE_M2: True
  MOM_tidal_forcing TIDE_S2: False
  MOM_tidal_forcing TIDE_N2: False
  MOM_tidal_forcing TIDE_K2: False
  MOM_tidal_forcing TIDE_K1: False
  MOM_tidal_forcing TIDE_O1: False
  MOM_tidal_forcing TIDE_P1: False
  MOM_tidal_forcing TIDE_Q1: False
  MOM_tidal_forcing TIDE_MF: False
  MOM_tidal_forcing TIDE_MM: False
  MOM_tidal_forcing TIDAL_SAL_FROM_FILE: False
  MOM_tidal_forcing USE_PREVIOUS_TIDES: False
  MOM_tidal_forcing TIDE_USE_SAL_SCALAR: True
  MOM_tidal_forcing TIDE_SAL_SCALAR_VALUE: 0.094
  MOM_tidal_forcing TIDE_REF_DATE: 0, 0, 0
  MOM_tidal_forcing TIDE_USE_EQ_PHASE: False
  MOM_tidal_forcing TIDE_M2_FREQ: 1.405189E-04
  MOM_tidal_forcing TIDE_M2_AMP: 0.242334
  MOM_tidal_forcing TIDE_M2_PHASE_T0: 0.0
MOM_PressureForce: unknown
  MOM_PressureForce ANALYTIC_FV_PGF: True
MOM_PressureForce_FV: unknown
  MOM_PressureForce_FV RHO_0: 1035.0
  MOM_PressureForce_FV TIDES: True
  MOM USE_REGRIDDING: False
  MOM_PressureForce_FV MASS_WEIGHT_IN_PRESSURE_GRADIENT: False
  MOM_PressureForce_FV USE_INACCURATE_PGF_RHO_ANOM: False
  MOM_PressureForce_FV RECONSTRUCT_FOR_PRESSURE: False
  MOM_PressureForce_FV PRESSURE_RECONSTRUCTION_SCHEME: 1
  MOM_PressureForce_FV BOUNDARY_EXTRAPOLATION_PRESSURE: True
  MOM_PressureForce_FV PGF_STANLEY_T2_DET_COEFF: -1.0
  MOM_PressureForce_FV GFS / G_EARTH: 1.0
MOM_hor_visc: unknown
  MOM_hor_visc GET_ALL_PARAMS: False
  MOM_hor_visc DEFAULT_2018_ANSWERS: False
  MOM_hor_visc HOR_VISC_2018_ANSWERS: False
  MOM_hor_visc DEBUG: False
  MOM_hor_visc LAPLACIAN: True
  MOM_hor_visc KH: 0.0
  MOM_hor_visc KH_BG_MIN: 0.0
  MOM_hor_visc KH_VEL_SCALE: 0.01
  MOM_hor_visc KH_SIN_LAT: 0.0
  MOM_hor_visc SMAGORINSKY_KH: False
  MOM_hor_visc LEITH_KH: False
  MOM_hor_visc MODIFIED_LEITH: False
  MOM_hor_visc RES_SCALE_MEKE_VISC: False
  MOM_hor_visc BOUND_KH: True
  MOM_hor_visc BETTER_BOUND_KH: True
  MOM_hor_visc ANISOTROPIC_VISCOSITY: False
  MOM_hor_visc ADD_LES_VISCOSITY: False
  MOM_hor_visc BIHARMONIC: True
  MOM_hor_visc AH: 0.0
  MOM_hor_visc AH_VEL_SCALE: 0.05
  MOM_hor_visc AH_TIME_SCALE: 0.0
  MOM_hor_visc SMAGORINSKY_AH: True
  MOM_hor_visc LEITH_AH: False
  MOM_hor_visc BOUND_AH: True
  MOM_hor_visc BETTER_BOUND_AH: True
  MOM_hor_visc RE_AH: 0.0
  MOM_hor_visc SMAG_BI_CONST: 0.06
  MOM_hor_visc BOUND_CORIOLIS: True
  MOM_hor_visc BOUND_CORIOLIS_BIHARM: True
  MOM_hor_visc MAXVEL: 6.0
  MOM_hor_visc BOUND_CORIOLIS_VEL: 6.0
  MOM_hor_visc USE_LAND_MASK_FOR_HVISC: True
  MOM_hor_visc HORVISC_BOUND_COEF: 0.8
  MOM_hor_visc NOSLIP: False
  MOM_hor_visc USE_KH_BG_2D: False
  MOM_hor_visc USE_GME: False
  MOM_hor_visc DT: 3600.0
MOM_vert_friction: unknown
  MOM_vert_friction DEFAULT_2018_ANSWERS: False
  MOM_vert_friction VERT_FRICTION_2018_ANSWERS: False
  MOM_vert_friction BOTTOMDRAGLAW: True
  MOM_vert_friction CHANNEL_DRAG: True
  MOM_vert_friction DIRECT_STRESS: False
  MOM_vert_friction DYNAMIC_VISCOUS_ML: True
  MOM_vert_friction U_TRUNC_FILE: U_velocity_truncations
  MOM_vert_friction V_TRUNC_FILE: V_velocity_truncations
  MOM_vert_friction HARMONIC_VISC: False
  MOM_vert_friction HARMONIC_BL_SCALE: 0.0
  MOM_vert_friction DEBUG: False
  MOM_vert_friction KV: 1.0E-04
  MOM_vert_friction HBBL: 10.0
  MOM_vert_friction MAXVEL: 6.0
  MOM_vert_friction CFL_BASED_TRUNCATIONS: True
  MOM_vert_friction CFL_TRUNCATE: 0.5
  MOM_vert_friction CFL_REPORT: 0.5
  MOM_vert_friction CFL_TRUNCATE_RAMP_TIME: 0.0
  MOM_vert_friction CFL_TRUNCATE_START: 0.0
  MOM_vert_friction STOKES_MIXING_COMBINED: False
  MOM_vert_friction VEL_UNDERFLOW: 0.0
MOM_PointAccel: unknown
  MOM_PointAccel U_TRUNC_FILE: U_velocity_truncations
  MOM_PointAccel V_TRUNC_FILE: V_velocity_truncations
  MOM_PointAccel MAX_TRUNC_FILE_SIZE_PER_PE: 50
  MOM_PointAccel output_dir/U_TRUNC_FILE: ./outputs/U_velocity_truncations
  MOM_PointAccel output_dir/V_TRUNC_FILE: ./outputs/V_velocity_truncations
MOM_barotropic: unknown
  MOM_barotropic SPLIT: True
  MOM_barotropic USE_BT_CONT_TYPE: True
  MOM_barotropic INTEGRAL_BT_CONTINUITY: False
  MOM_barotropic BOUND_BT_CORRECTION: True
  MOM_barotropic BT_CONT_CORR_BOUNDS: True
  MOM_barotropic ADJUST_BT_CONT: False
  MOM_barotropic GRADUAL_BT_ICS: False
  MOM_barotropic BT_USE_VISC_REM_U_UH0: False
  MOM_barotropic BT_USE_WIDE_HALOS: True
  MOM_barotropic BTHALO: 0
  MOM_barotropic !BT x-halo: 0
  MOM_barotropic !BT y-halo: 0
  MOM_barotropic BT_PROJECT_VELOCITY: True
  MOM_barotropic BT_NONLIN_STRESS: False
  MOM_barotropic DYNAMIC_SURFACE_PRESSURE: False
  MOM_barotropic BT_CORIOLIS_SCALE: 1.0
  MOM_barotropic DEFAULT_2018_ANSWERS: False
  MOM_barotropic BAROTROPIC_2018_ANSWERS: False
  MOM_barotropic TIDES: True
  MOM_barotropic SADOURNY: True
  MOM_barotropic BT_THICK_SCHEME: FROM_BT_CONT
  MOM_barotropic BT_STRONG_DRAG: False
  MOM_barotropic BT_LINEAR_WAVE_DRAG: False
  MOM_barotropic CLIP_BT_VELOCITY: False
  MOM_barotropic MAXCFL_BT_CONT: 0.25
  MOM_barotropic VEL_UNDERFLOW: 0.0
  MOM_barotropic DT_BT_FILTER: -0.25
  MOM_barotropic G_BT_EXTRA: 0.0
  MOM_barotropic SSH_EXTRA: 10.0
  MOM_barotropic DEBUG: False
  MOM_barotropic DEBUG_BT: False
  MOM_barotropic LINEARIZED_BT_CORIOLIS: True
  MOM_barotropic BEBT: 0.2
  MOM_barotropic DTBT: -0.95
  MOM_barotropic BT_USE_OLD_CORIOLIS_BRACKET_BUG: False

MOM_in domain decomposition:     5 X    4
   pe,   is,  ie,  js,  je,    isd, ied, jsd, jed

MOM_in domain decomposition:     5 X    4
   pe,   is,  ie,  js,  je,    isd, ied, jsd, jed
  MOM_barotropic DTBT as used: 79.65440164284439
  MOM_barotropic estimated maximum DTBT: 83.84673857141516
MOM_mixed_layer_restrat: unknown
  MOM_mixed_layer_restrat MIXEDLAYER_RESTRAT: True
  MOM_mixed_layer_restrat FOX_KEMPER_ML_RESTRAT_COEF: 20.0
MOM_diagnostics: unknown
  MOM_diagnostics DIAG_EBT_MONO_N2_COLUMN_FRACTION: 0.0
  MOM_diagnostics DIAG_EBT_MONO_N2_DEPTH: -1.0
  MOM_diagnostics INTERNAL_WAVE_SPEED_TOL: 0.001
  MOM_diagnostics INTERNAL_WAVE_SPEED_MIN: 0.0
  MOM_diagnostics INTERNAL_WAVE_SPEED_BETTER_EST: False
  MOM_diagnostics DEFAULT_2018_ANSWERS: False
  MOM_diagnostics REMAPPING_2018_ANSWERS: False
MOM_wave_speed: unknown
MOM_diabatic_driver: unknown
  MOM_diabatic_driver USE_LEGACY_DIABATIC_DRIVER: True
  MOM_diabatic_driver SPONGE: False
  MOM_diabatic_driver ODA_INCUPD: False
  MOM_diabatic_driver ENABLE_THERMODYNAMICS: True
  MOM_diabatic_driver ENERGETICS_SFC_PBL: False
  MOM_diabatic_driver EPBL_IS_ADDITIVE: True
  MOM_diabatic_driver ML_MIX_FIRST: 0.0
  MOM_diabatic_driver DO_GEOTHERMAL: True
  MOM_diabatic_driver INTERNAL_TIDES: False
  MOM_diabatic_driver MASSLESS_MATCH_TARGETS: True
  MOM_diabatic_driver AGGREGATE_FW_FORCING: True
  MOM_diabatic_driver DEBUG: False
  MOM_diabatic_driver DEBUG_CONSERVATION: False
  MOM_diabatic_driver MIX_BOUNDARY_TRACERS: True
  MOM_diabatic_driver KD: 2.0E-05
  MOM_diabatic_driver KD_MIN_TR: 2.0E-06
  MOM_diabatic_driver KD_BBL_TR: 0.0
  MOM_diabatic_driver TRACER_TRIDIAG: False
  MOM_diabatic_driver MINIMUM_FORCING_DEPTH: 0.001
  MOM_diabatic_driver EVAP_CFL_LIMIT: 0.8
  MOM_diabatic_driver MLD_EN_VALS: 3*0.0
  MOM_diabatic_driver DIAG_MLD_DENSITY_DIFF: 0.1
  MOM_diabatic_driver DIAG_DEPTH_SUBML_N2: 50.0
MOM_CVMix_KPP: unknown
  MOM_CVMix_KPP USE_KPP: False
MOM_CVMix_conv: unknown
  MOM_CVMix_conv USE_CVMix_CONVECTION: False
MOM_entrain_diffusive: unknown
  MOM_entrain_diffusive MAX_ENT_IT: 20
  MOM_entrain_diffusive KD: 2.0E-05
  MOM_entrain_diffusive DT: 3600.0
  MOM_entrain_diffusive TOLERANCE_ENT: 1.0E-05
MOM_geothermal: unknown
  MOM_geothermal GEOTHERMAL_SCALE: 0.001
  MOM_geothermal GEOTHERMAL_FILE:
  MOM_geothermal GEOTHERMAL_THICKNESS: 0.1
  MOM_geothermal GEOTHERMAL_DRHO_DT_INPLACE: -0.01
MOM_set_diffusivity: unknown
  MOM_set_diffusivity INPUTDIR: INPUT
  MOM_set_diffusivity FLUX_RI_MAX: 0.2
  MOM_set_diffusivity OMEGA: 7.2921E-05
  MOM_set_diffusivity DEFAULT_2018_ANSWERS: False
  MOM_set_diffusivity SET_DIFF_2018_ANSWERS: False
MOM_tidal_mixing: unknown
  MOM_tidal_mixing USE_CVMix_TIDAL: False
  MOM_tidal_mixing INT_TIDE_DISSIPATION: False
  MOM_set_diffusivity ML_RADIATION: True
  MOM_set_diffusivity ML_RAD_EFOLD_COEFF: 0.2
  MOM_set_diffusivity ML_RAD_BUG: False
  MOM_set_diffusivity ML_RAD_KD_MAX: 0.001
  MOM_set_diffusivity ML_RAD_COEFF: 0.1
  MOM_set_diffusivity ML_RAD_APPLY_TKE_DECAY: True
  MOM_set_diffusivity MSTAR: 0.3
  MOM_set_diffusivity TKE_DECAY: 10.0
  MOM_set_diffusivity ML_OMEGA_FRAC: 1.0
  MOM_set_diffusivity BOTTOMDRAGLAW: True
  MOM_set_diffusivity CDRAG: 0.003
  MOM_set_diffusivity BBL_EFFIC: 0.2
  MOM_set_diffusivity BBL_MIXING_MAX_DECAY: 200.0
  MOM_set_diffusivity BBL_MIXING_AS_MAX: False
  MOM_set_diffusivity USE_LOTW_BBL_DIFFUSIVITY: False
  MOM_set_diffusivity SIMPLE_TKE_TO_KD: False
MOM_bkgnd_mixing: unknown
  MOM_bkgnd_mixing KD: 2.0E-05
  MOM_bkgnd_mixing KV: 1.0E-04
  MOM_bkgnd_mixing KD_MIN: 2.0E-06
  MOM_bkgnd_mixing KDML: -1.0
  MOM_bkgnd_mixing BRYAN_LEWIS_DIFFUSIVITY: False
  MOM_bkgnd_mixing HORIZ_VARYING_BACKGROUND: False
  MOM_bkgnd_mixing PRANDTL_BKGND: 1.0
  MOM_bkgnd_mixing HENYEY_IGW_BACKGROUND: True
  MOM_bkgnd_mixing HENYEY_IGW_BACKGROUND_NEW: False
  MOM_bkgnd_mixing HENYEY_N0_2OMEGA: 20.0
  MOM_bkgnd_mixing OMEGA: 7.2921E-05
  MOM_bkgnd_mixing KD_TANH_LAT_FN: False
  MOM_set_diffusivity KV: 1.0E-04
  MOM_set_diffusivity KD: 2.0E-05
  MOM_set_diffusivity KD_MIN: 2.0E-06
  MOM_set_diffusivity KD_MAX: -1.0
  MOM_set_diffusivity KD_ADD: 0.0
  MOM_set_diffusivity KD_SMOOTH: 1.0E-06
  MOM_set_diffusivity DEBUG: False
  MOM_set_diffusivity USER_CHANGE_DIFFUSIVITY: False
  MOM_set_diffusivity DISSIPATION_MIN: 0.0
  MOM_set_diffusivity DISSIPATION_N0: 1.0E-07
  MOM_set_diffusivity DISSIPATION_N1: 6.0E-04
  MOM_set_diffusivity DISSIPATION_KD_MIN: 0.0
  MOM_set_diffusivity DOUBLE_DIFFUSION: False
MOM_kappa_shear: unknown
  MOM_kappa_shear USE_JACKSON_PARAM: True
  MOM_kappa_shear VERTEX_SHEAR: False
  MOM_kappa_shear RINO_CRIT: 0.25
  MOM_kappa_shear SHEARMIX_RATE: 0.089
  MOM_kappa_shear MAX_RINO_IT: 25
  MOM_kappa_shear KD_KAPPA_SHEAR_0: 2.0E-05
  MOM_kappa_shear KD_TRUNC_KAPPA_SHEAR: 2.0E-07
  MOM_kappa_shear FRI_CURVATURE: -0.97
  MOM_kappa_shear TKE_N_DECAY_CONST: 0.24
  MOM_kappa_shear TKE_SHEAR_DECAY_CONST: 0.14
  MOM_kappa_shear KAPPA_BUOY_SCALE_COEF: 0.82
  MOM_kappa_shear KAPPA_N_OVER_S_SCALE_COEF2: 0.0
  MOM_kappa_shear KAPPA_SHEAR_TOL_ERR: 0.1
  MOM_kappa_shear TKE_BACKGROUND: 0.0
  MOM_kappa_shear KAPPA_SHEAR_ELIM_MASSLESS: True
  MOM_kappa_shear MAX_KAPPA_SHEAR_IT: 13
  MOM_kappa_shear VEL_UNDERFLOW: 0.0
  MOM_kappa_shear KAPPA_SHEAR_MAX_KAP_SRC_CHG: 10.0
  MOM_kappa_shear DEBUG: False
  MOM_kappa_shear KAPPA_SHEAR_ITER_BUG: False
  MOM_kappa_shear KAPPA_SHEAR_ALL_LAYER_TKE_BUG: False
  MOM_kappa_shear USE_RESTRICTIVE_TOLERANCE_CHECK: False
  MOM_kappa_shear KAPPA_SHEAR_MERGE_ML: True
MOM_CVMix_shear: unknown
  MOM_CVMix_shear USE_LMD94: False
  MOM_CVMix_shear USE_PP81: False
MOM_CVMix_ddiff: unknown
  MOM_CVMix_ddiff USE_CVMIX_DDIFF: False
MOM_diabatic_aux: unknown
  MOM_diabatic_aux ENABLE_THERMODYNAMICS: True
  MOM_diabatic_aux RECLAIM_FRAZIL: True
  MOM_diabatic_aux PRESSURE_DEPENDENT_FRAZIL: False
  MOM_diabatic_aux VAR_PEN_SW: False
MOM_mixed_layer: unknown
  MOM_mixed_layer NKML: 2
  MOM_mixed_layer NKBL: 2
  MOM_mixed_layer MSTAR: 0.3
  MOM_mixed_layer NSTAR: 0.15
  MOM_mixed_layer BULK_RI_ML: 0.05
  MOM_mixed_layer ABSORB_ALL_SW: True
  MOM_mixed_layer TKE_DECAY: 10.0
  MOM_mixed_layer NSTAR2: 0.15
  MOM_mixed_layer BULK_RI_CONVECTIVE: 0.05
  MOM_mixed_layer HMIX_MIN: 2.0
  MOM_mixed_layer LIMIT_BUFFER_DETRAIN: True
  MOM_mixed_layer ALLOWED_DETRAIN_TEMP_CHG: 0.5
  MOM_mixed_layer ALLOWED_DETRAIN_SALT_CHG: 0.1
  MOM_mixed_layer ML_DT_DS_WEIGHT: 6.0
  MOM_mixed_layer BUFFER_LAYER_EXTRAP_LIMIT: -1.0
  MOM_mixed_layer BUFFER_LAYER_HMIN_THICK: 5.0
  MOM_mixed_layer BUFFER_LAYER_HMIN_REL: 0.05
  MOM_mixed_layer BUFFER_LAY_DETRAIN_TIME: 1.44E+04
  MOM_mixed_layer BUFFER_SPLIT_RHO_TOL: 0.1
  MOM_mixed_layer DEPTH_LIMIT_FLUXES: 0.1
  MOM_mixed_layer OMEGA: 7.2921E-05
  MOM_mixed_layer ML_OMEGA_FRAC: 1.0
  MOM_mixed_layer ML_RESORT: True
  MOM_mixed_layer ML_PRESORT_NK_CONV_ADJ: 4
  MOM_mixed_layer BML_USTAR_MIN: 1.45842E-18
  MOM_mixed_layer RESOLVE_EKMAN: False
  MOM_mixed_layer CORRECT_ABSORPTION_DEPTH: True
  MOM_mixed_layer DO_RIVERMIX: True
  MOM_mixed_layer RIVERMIX_DEPTH: 40.0
  MOM_mixed_layer USE_RIVER_HEAT_CONTENT: False
  MOM_mixed_layer USE_CALVING_HEAT_CONTENT: False
  MOM_mixed_layer BULKML_CONV_MOMENTUM_BUG: False
  MOM_mixed_layer ALLOW_CLOCKS_IN_OMP_LOOPS: True
  MOM_mixed_layer LIMIT_BUFFER_DET_DH_SFC: 0.5
  MOM_mixed_layer LIMIT_BUFFER_DET_DH_BATHY: 0.2
  MOM_mixed_layer ENABLE_THERMODYNAMICS: True
  MOM_mixed_layer PEN_SW_NBANDS: 1
MOM_regularize_layers: unknown
  MOM_regularize_layers REGULARIZE_SURFACE_LAYERS: False
  MOM_regularize_layers DEBUG: False
  MOM_diabatic_driver PEN_SW_NBANDS: 1
MOM_opacity: unknown
  MOM_opacity VAR_PEN_SW: False
  MOM_opacity EXP_OPACITY_SCHEME: SINGLE_EXP
  MOM_opacity PEN_SW_SCALE: 0.0
  MOM_opacity PEN_SW_FRAC: 0.0
  MOM_opacity PEN_SW_NBANDS: 1
  MOM_opacity DEFAULT_2018_ANSWERS: False
  MOM_opacity OPTICS_2018_ANSWERS: False
  MOM_opacity PEN_SW_FLUX_ABSORB: 2.5E-11
  MOM_opacity PEN_SW_ABSORB_MINTHICK: 1.0
  MOM_opacity OPACITY_LAND_VALUE: 10.0
MOM_tracer_advect: unknown
  MOM_tracer_advect DT: 3600.0
  MOM_tracer_advect DEBUG: False
  MOM_tracer_advect TRACER_ADVECTION_SCHEME: PLM
MOM_tracer_hor_diff: unknown
  MOM_tracer_hor_diff KHTR: 10.0
  MOM_tracer_hor_diff KHTR_SLOPE_CFF: 0.25
  MOM_tracer_hor_diff KHTR_MIN: 50.0
  MOM_tracer_hor_diff KHTR_MAX: 900.0
  MOM_tracer_hor_diff KHTR_PASSIVITY_COEFF: 3.0
  MOM_tracer_hor_diff KHTR_PASSIVITY_MIN: 0.5
  MOM_tracer_hor_diff DIFFUSE_ML_TO_INTERIOR: True
  MOM_tracer_hor_diff CHECK_DIFFUSIVE_CFL: False
  MOM_tracer_hor_diff MAX_TR_DIFFUSION_CFL: -1.0
  MOM_tracer_hor_diff RECALC_NEUTRAL_SURF: False
  MOM_tracer_hor_diff ML_KHTR_SCALE: 0.0
MOM_neutral_diffusion: unknown
  MOM_neutral_diffusion USE_NEUTRAL_DIFFUSION: False
MOM_lateral_boundary_diffusion: unknown
  MOM_lateral_boundary_diffusion USE_LATERAL_BOUNDARY_DIFFUSION: False
  MOM_tracer_hor_diff DEBUG: False
MOM_obsolete_diagnostics: unknown
  MOM_obsolete_diagnostics OBSOLETE_DIAGNOSTIC_IS_FATAL: True
MOM_sum_output: unknown
  MOM_sum_output CALCULATE_APE: True
  MOM_sum_output WRITE_STOCKS: True
  MOM_sum_output ENABLE_THERMODYNAMICS: True
  MOM_sum_output DT: 3600.0
  MOM_sum_output MAXTRUNC: 5000
  MOM_sum_output MAX_ENERGY: 0.0
  MOM_sum_output MAXVEL: 6.0
  MOM_sum_output MAX_ENERGY as used: 360.0
  MOM_sum_output ENERGYFILE: ocean.stats
  MOM_sum_output output_path/ENERGYFILE: ./outputs/ocean.stats
  MOM_sum_output DATE_STAMPED_STDOUT: True
  MOM_sum_output TIMEUNIT: 8.64E+04
  MOM_sum_output READ_DEPTH_LIST: False
  MOM_sum_output DEPTH_LIST_MIN_INC: 1.0E-10
  MOM_sum_output TIMEUNIT: 8.64E+04
  MOM_sum_output ENERGYSAVEDAYS (Time): 0:43200
  MOM_sum_output ENERGYSAVEDAYS_GEOMETRIC (Time): 0:0
MOM_surface_forcing: unknown
  MOM_surface_forcing ENABLE_THERMODYNAMICS: True
  MOM_surface_forcing INPUTDIR: INPUT
  MOM_surface_forcing ADIABATIC: False
  MOM_surface_forcing VARIABLE_WINDS: True
  MOM_surface_forcing VARIABLE_BUOYFORCE: True
  MOM_surface_forcing BUOY_CONFIG: file
  MOM_surface_forcing ARCHAIC_OMIP_FORCING_FILE: False
  MOM_surface_forcing LONGWAVE_FILE: ocean_forcing_daily.nc
  MOM_surface_forcing LONGWAVE_FORCING_VAR: LW
  MOM_surface_forcing SHORTWAVE_FILE: ocean_forcing_daily.nc
  MOM_surface_forcing SHORTWAVE_FORCING_VAR: SW
  MOM_surface_forcing EVAPORATION_FILE: ocean_forcing_daily.nc
  MOM_surface_forcing EVAP_FORCING_VAR: evap
  MOM_surface_forcing LATENTHEAT_FILE: ocean_forcing_daily.nc
  MOM_surface_forcing LATENT_FORCING_VAR: latent
  MOM_surface_forcing SENSIBLEHEAT_FILE: ocean_forcing_daily.nc
  MOM_surface_forcing SENSIBLE_FORCING_VAR: sensible
  MOM_surface_forcing RAIN_FILE: ocean_precip_monthly.nc
  MOM_surface_forcing RAIN_FORCING_VAR: liq_precip
  MOM_surface_forcing SNOW_FILE: ocean_precip_monthly.nc
  MOM_surface_forcing SNOW_FORCING_VAR: froz_precip
  MOM_surface_forcing RUNOFF_FILE: ocean_precip_monthly.nc
  MOM_surface_forcing LIQ_RUNOFF_FORCING_VAR: liq_runoff
  MOM_surface_forcing FROZ_RUNOFF_FORCING_VAR: froz_runoff
  MOM_surface_forcing SSTRESTORE_FILE: ocean_forcing_daily.nc
  MOM_surface_forcing SALINITYRESTORE_FILE: ocean_forcing_daily.nc
  MOM_surface_forcing SST_RESTORE_VAR: SST
  MOM_surface_forcing SSS_RESTORE_VAR: SSS
  MOM_surface_forcing WIND_CONFIG: file
  MOM_surface_forcing WIND_FILE: ocean_forcing_daily.nc
  MOM_surface_forcing WINDSTRESS_X_VAR: taux
  MOM_surface_forcing WINDSTRESS_Y_VAR: tauy
  MOM_surface_forcing WIND_STAGGER: C
  MOM_surface_forcing WINDSTRESS_SCALE: 1.0
  MOM_surface_forcing USTAR_FORCING_VAR:
  MOM_surface_forcing RHO_0: 1035.0
  MOM_surface_forcing RESTOREBUOY: True
  MOM_surface_forcing LATENT_HEAT_FUSION: 3.34E+05
  MOM_surface_forcing LATENT_HEAT_VAPORIZATION: 2.5E+06
  MOM_surface_forcing FLUXCONST: 0.5
  MOM_surface_forcing FLUXCONST_T: 0.5
  MOM_surface_forcing FLUXCONST_S: 0.5
  MOM_surface_forcing G_EARTH: 9.8
  MOM_surface_forcing GUST_CONST: 0.0
  MOM_surface_forcing FIX_USTAR_GUSTLESS_BUG: True
  MOM_surface_forcing READ_GUST_2D: False
MOM_restart: unknown
  MOM_restart PARALLEL_RESTARTFILES: False
  MOM_restart RESTARTFILE from argument: MOM_forcing.res
  MOM_restart LARGE_FILE_SUPPORT: True
  MOM_restart MAX_FIELDS: 100
  MOM_restart RESTART_CHECKSUMS_REQUIRED: True
user_revise_forcing: unknown
  MOM_main (MOM_driver) USE_WAVES: False
  MOM_wave_interface USE_WAVES: False
MOM_main (MOM_driver): unknown
  MOM_main (MOM_driver) DT: 3600.0
  MOM_main (MOM_driver) DT_FORCING: 7200.0
  MOM_main (MOM_driver) TIMEUNIT: 8.64E+04
  MOM_main (MOM_driver) DAYMAX (Time): 1:0
  MOM_main (MOM_driver) SINGLE_STEPPING_CALL: True
  MOM_main (MOM_driver) DT_THERM: 7200.0
  MOM_main (MOM_driver) DIABATIC_FIRST: False
  MOM_main (MOM_driver) RESTART_CONTROL: 3
  MOM_main (MOM_driver) RESTINT (Time): 365:0
  MOM_main (MOM_driver) WRITE_CPU_STEPS: 1000
  MOM DEBUG: False
  MOM_main (MOM_driver) ELAPSED TIME AS MASTER: False
MOM_write_cputime: unknown
  MOM_write_cputime MAXCPU: 2.88E+04
  MOM_write_cputime CPU_TIME_FILE: CPU_stats
  MOM_write_cputime directory/CPU_TIME_FILE: ./outputs/CPU_stats
MOM_file_parser: unknown
  MOM_file_parser SEND_LOG_TO_STDOUT: False
  MOM_file_parser REPORT_UNUSED_PARAMS: True
  MOM_file_parser FATAL_UNUSED_PARAMS: False
  MOM_file_parser DOCUMENT_FILE: MOM_parameter_doc
  MOM_file_parser COMPLETE_DOCUMENTATION: True
  MOM_file_parser MINIMAL_DOCUMENTATION: True

================================================================================
DIAG_OUTPUT_MOD
unknown

                                     time
Total runtime                        34.489838
Initialization                        0.779407
Main loop                            27.841876
Termination                           5.809176
Ocean Initialization                  3.492851
Ocean                                25.023897
Ocean dynamics                       17.946602
Ocean thermodynamics and tracers      5.695984
Ocean Other                           1.331741
(Ocean tracer advection)              2.022476
(Ocean diabatic driver)               3.673495
(Ocean continuity equation *)         0.000000
(Ocean set BBL viscosity)             0.196427
(Ocean message passing *)             0.140940
(Ocean MOM_initialize_state)          0.085838
(Ocean thickness diffusion *)         1.184995
(Ocean mixed layer restrat)           0.014832
(Ocean collective diagnostics)        1.028195
(Ocean Z-space diagnostics)           0.000000
(Ocean ALE)                           0.000000
(Ocean diagnostics framework)         0.911489
(Ocean tides)                         0.001278
(Ocean Coriolis & mom advection)      0.985675
(Ocean continuity equation)           4.688530
(Ocean pressure force)                1.180824
(Ocean vertical viscosity)            2.529011
(Ocean horizontal viscosity)          1.482747
(Ocean momentum increments)           0.236825
(Ocean message passing)               1.399324
(Ocean barotropic mode calc)          0.051499
(Ocean barotropic mode stepping)      2.822194
(Ocean barotropic forcing calc)       0.291064
(Ocean kappa_shear)                   0.809454
(Ocean diabatic entrain)              0.538908
(Ocean mixed layer)                   0.874779
(Ocean vert remap)                    0.000005
(Ocean set_diffusivity)               1.236959
(Ocean KPP)                           0.000000
(Ocean tracer_columns)                0.089453
(Ocean advect tracer)                 1.336690
(Ocean diffuse tracer)                0.220682
(Ocean epipycnal diffuse tracer)      0.445668
(Ocean surface forcing)               0.053954
