   1   1   1   0   0   0  Jan
   1   1   3   0   0   0  Jan
   1   1   1   0   0   0  Jan
   1   1   3   0   0   0  Jan
   1   1   1   0   0   0  Jan
   1   1   3   0   0   0  Jan
   1   1   1   0   0   0  Jan
   1   1   3   0   0   0  Jan
   1   1   1   0   0   0  Jan
   1   1  11   0   0   0  Jan
   1   1   1   0   0   0  Jan
   1   1   2   0   0   0  Jan
   1   1   1   0   0   0  Jan
   1   1   2   0   0   0  Jan
   1   1   1   0   0   0  Jan
   1   1   2   0   0   0  Jan
   1   1   1   0   0   0  Jan
   1   1   2   0   0   0  Jan
   1   1   1   0   0   0  Jan
   1   1  31   0   0   0  Jan
   1   1   1   0   0   0  Jan
   1   1  31   0   0   0  Jan
   1   1   1   0   0   0  Jan
   1   1  31   0   0   0  Jan
