========================================================================
READ_ASCII_FILE: unknown
READ_ASCII_FILE: File: input.nml
========================================================================
READ_INPUT_NML: unknown
READ_INPUT_NML: input.nml 
  &MOM_input_nml
         output_directory = './',
         input_filename = 'n'
         restart_input_dir = 'INPUT/',
         restart_output_dir = 'RESTART/',
         parameter_filename = 'MOM_input',
                              'MOM_override' /
 
  &SIS_input_nml
         output_directory = './',
         input_filename = 'n'
         restart_input_dir = 'INPUT/',
         restart_output_dir = 'RESTART/',
         parameter_filename = 'SIS_input',
                              'SIS_override' /
 
  &diag_manager_nml
  /
 
  &coupler_nml
             months = 0,
             days   = 700,
             current_date = 2012,1,1,0,0,0,
             hours = 0
             minutes = 0
             seconds = 0
             calendar = 'NOLEAP',
             dt_cpld  = 7200,
             dt_atmos = 7200,
             do_atmos = .false.,
             do_land = .false.,
             do_ice = .true.,
             do_ocean = .true.,
             atmos_npes = 0,
             ocean_npes = 0,
             concurrent = .false.
             use_lag_fluxes=.true. /
 
  &data_override_nml
          /
 
  &fms_io_nml
          fms_netcdf_restart=.true.
          threading_read='multi'
  /
 
  &fms_nml
        clock_grain='MODULE'
        domains_stack_size = 4838400
        !clock_flags='SYNC'
        /
 
  &ice_albedo_nml
       t_range = 10. /
 
  &ice_model_nml
            /
 
  &monin_obukhov_nml
             neutral = .true. /
 
  &ocean_albedo_nml
       ocean_albedo_option = 5 /
 
  &sat_vapor_pres_nml
       construct_table_wrt_liq = .true.,
       construct_table_wrt_liq_and_ice = .true. /
 
  &xgrid_nml
             make_exchange_reproduce = .false.
             interp_method = 'second_order' /
 
 

MPP module unknown
MPP started with NPES=     1
Using MPI library for message passing...
Realtime clock resolution=  1.3000E-08 sec (  76923076 ticks/sec)
Clock rolls over after   1.1990E+11 sec ( 9223372036854775806 ticks)

MPP Parameter module unknown

MPP Data module unknown

MPP_DOMAINS module unknown
&MPP_IO_NML
 HEADER_BUFFER_VAL=16384      ,
 GLOBAL_FIELD_ON_ROOT_PE=T,
 IO_CLOCKS_ON=F,
 SHUFFLE=0          ,
 DEFLATE_LEVEL=-1         ,
 CF_COMPLIANCE=F,
 /

MPP_IO module unknown

Using netCDF library version 4.7.3 of Jan 23 2020 04:18:16 $

================================================================================
FMS_IO_MOD
unknown

================================================================================
FMS_MOD
unknown
&FMS_NML
 READ_ALL_PE=T,
 CLOCK_GRAIN="MODULE          ",
 CLOCK_FLAGS="NONE            ",
 WARNING_LEVEL="warning ",
 IOSPEC_IEEE32="-N ieee_32                                                      ",
 STACK_SIZE=0          ,
 DOMAINS_STACK_SIZE=4838400    ,
 PRINT_MEMORY_USAGE=F,
 /
 nml_error_codes=

================================================================================
CONSTANTS_MOD
unknown

================================================================================
TIME_MANAGER_MOD
unknown

================================================================================
TIME_INTERP_EXTERNAL_MOD
unknown
&TIME_INTERP_EXTERNAL_NML
 NUM_IO_BUFFERS=2          ,
 DEBUG_THIS_MODULE=F,
 MAX_FIELDS=100        ,
 MAX_FILES=40         ,
 /

================================================================================
TIME_INTERP_MOD
unknown
&TIME_INTERP_NML
 PERTHLIKE_BEHAVIOR=F,
 /
find_obsolete_params: unknown
MOM_unit_scaling: unknown
  MOM_unit_scaling Z_RESCALE_POWER: 0
  MOM_unit_scaling L_RESCALE_POWER: 0
  MOM_unit_scaling T_RESCALE_POWER: 0
  MOM_unit_scaling R_RESCALE_POWER: 0
  MOM_unit_scaling Q_RESCALE_POWER: 0
MOM: unknown
  MOM VERBOSITY: 2
  MOM DO_UNIT_TESTS: False
  MOM SPLIT: True
  MOM CALC_RHO_FOR_SEA_LEVEL: False
  MOM ENABLE_THERMODYNAMICS: True
  MOM USE_EOS: True
  MOM DIABATIC_FIRST: False
  MOM USE_CONTEMP_ABSSAL: False
  MOM ADIABATIC: False
  MOM DO_DYNAMICS: True
  MOM OFFLINE_TRACER_MODE: False
  MOM USE_REGRIDDING: True
  MOM BULKMIXEDLAYER: False
  MOM THICKNESSDIFFUSE: False
  MOM THICKNESSDIFFUSE_FIRST: True
  MOM BATHYMETRY_AT_VEL: False
  MOM DEBUG: False
  MOM DEBUG_TRUNCATIONS: False
  MOM DT: 300.0
  MOM DT_THERM: 1200.0
  MOM THERMO_SPANS_COUPLING: False
  MOM HMIX_SFC_PROP: 1.0
  MOM HMIX_UV_SFC_PROP: 0.0
  MOM HFREEZE: -1.0
  MOM INTERPOLATE_P_SURF: False
  MOM DTBT: -0.9
  MOM DTBT_RESET_PERIOD: 1200.0
  MOM FRAZIL: True
  MOM DO_GEOTHERMAL: False
  MOM BOUND_SALINITY: True
  MOM MIN_SALINITY: 0.0
  MOM C_P: 3992.0
  MOM USE_PSURF_IN_EOS: True
  MOM P_REF: 2.0E+07
  MOM GLOBAL_INDEXING: False
  MOM FIRST_DIRECTION: 0
  MOM CHECK_BAD_SURFACE_VALS: True
  MOM BAD_VAL_SSH_MAX: 50.0
  MOM BAD_VAL_SSS_MAX: 75.0
  MOM BAD_VAL_SST_MAX: 55.0
  MOM BAD_VAL_SST_MIN: -3.0
  MOM BAD_VAL_COLUMN_THICKNESS: 0.0
  MOM DEFAULT_2018_ANSWERS: False
  MOM SURFACE_2018_ANSWERS: False
  MOM USE_DIABATIC_TIME_BUG: False
  MOM SAVE_INITIAL_CONDS: False
  MOM IC_OUTPUT_FILE: MOM_IC.nc
  MOM WRITE_GEOM: 0
  MOM ICE_SHELF: False
  MOM ENSEMBLE_OCEAN: False
  MOM ROTATE_INDEX: False
MOM_domains: unknown
  MOM_domains REENTRANT_X: False
  MOM_domains REENTRANT_Y: False
  MOM_domains TRIPOLAR_N: False
  MOM_domains !SYMMETRIC_MEMORY_: True
  MOM_domains NONBLOCKING_UPDATES: False
  MOM_domains THIN_HALO_UPDATES: True
  MOM_domains !STATIC_MEMORY_: False
  MOM_domains NIGLOBAL: 300
  MOM_domains NJGLOBAL: 250
  MOM_domains NIHALO: 4
  MOM_domains NJHALO: 4
  MOM_domains MASKTABLE: MOM_mask_table
