========================================================================
READ_ASCII_FILE: unknown
READ_ASCII_FILE: File: input.nml
========================================================================
READ_INPUT_NML: unknown
READ_INPUT_NML: input.nml 
  &MOM_input_nml
          output_directory = './outputs/',
          input_filename = 'n'
          restart_input_dir = 'INPUT/',
          restart_output_dir = 'RESTART/',
          parameter_filename = 'MOM_input',
                               'MOM_override' /
 
  &diag_manager_nml
  /
 
  &fms_nml
          clock_grain='MODULE',
          clock_flags='NONE',
          domains_stack_size = 4838400,
          stack_size = 0 /
 

MPP module unknown
MPP started with NPES=     8
Using MPI library for message passing...
Realtime clock resolution=  1.4000E-08 sec (  71428571 ticks/sec)
Clock rolls over after   1.2913E+11 sec ( 9223372036854775806 ticks)

MPP Parameter module unknown

MPP Data module unknown

MPP_DOMAINS module unknown
&MPP_IO_NML
 HEADER_BUFFER_VAL=16384      ,
 GLOBAL_FIELD_ON_ROOT_PE=T,
 IO_CLOCKS_ON=F,
 SHUFFLE=0          ,
 DEFLATE_LEVEL=-1         ,
 CF_COMPLIANCE=F,
 /

MPP_IO module unknown

Using netCDF library version 4.7.3 of Jan 23 2020 04:18:16 $

================================================================================
FMS_IO_MOD
unknown

================================================================================
FMS_MOD
unknown
&FMS_NML
 READ_ALL_PE=T,
 CLOCK_GRAIN="MODULE          ",
 CLOCK_FLAGS="NONE            ",
 WARNING_LEVEL="warning ",
 IOSPEC_IEEE32="-N ieee_32                                                      ",
 STACK_SIZE=0          ,
 DOMAINS_STACK_SIZE=4838400    ,
 PRINT_MEMORY_USAGE=F,
 /
 nml_error_codes=

================================================================================
CONSTANTS_MOD
unknown

================================================================================
TIME_MANAGER_MOD
unknown

================================================================================
TIME_INTERP_EXTERNAL_MOD
unknown
&TIME_INTERP_EXTERNAL_NML
 NUM_IO_BUFFERS=2          ,
 DEBUG_THIS_MODULE=F,
 MAX_FIELDS=100        ,
 MAX_FILES=40         ,
 /

================================================================================
TIME_INTERP_MOD
unknown
&TIME_INTERP_NML
 PERTHLIKE_BEHAVIOR=F,
 /
find_obsolete_params: unknown
MOM_unit_scaling: unknown
  MOM_unit_scaling Z_RESCALE_POWER: 0
  MOM_unit_scaling L_RESCALE_POWER: 0
  MOM_unit_scaling T_RESCALE_POWER: 0
  MOM_unit_scaling R_RESCALE_POWER: 0
  MOM_unit_scaling Q_RESCALE_POWER: 0
MOM: unknown
  MOM VERBOSITY: 2
  MOM DO_UNIT_TESTS: False
  MOM SPLIT: True
  MOM CALC_RHO_FOR_SEA_LEVEL: False
  MOM ENABLE_THERMODYNAMICS: True
  MOM USE_EOS: True
  MOM DIABATIC_FIRST: False
  MOM USE_CONTEMP_ABSSAL: False
  MOM ADIABATIC: False
  MOM DO_DYNAMICS: True
  MOM OFFLINE_TRACER_MODE: False
  MOM USE_REGRIDDING: False
  MOM BULKMIXEDLAYER: True
  MOM THICKNESSDIFFUSE: True
  MOM THICKNESSDIFFUSE_FIRST: True
  MOM BATHYMETRY_AT_VEL: False
  MOM DEBUG: False
  MOM DEBUG_TRUNCATIONS: False
  MOM DT: 3600.0
  MOM DT_THERM: 7200.0
  MOM THERMO_SPANS_COUPLING: False
  MOM HFREEZE: -1.0
  MOM INTERPOLATE_P_SURF: False
  MOM DTBT: -0.95
  MOM DTBT_RESET_PERIOD: 0.0
  MOM FRAZIL: True
  MOM DO_GEOTHERMAL: True
  MOM BOUND_SALINITY: True
  MOM MIN_SALINITY: 0.0
  MOM C_P: 3925.0
  MOM USE_PSURF_IN_EOS: True
  MOM P_REF: 2.0E+07
  MOM NKML: 2
  MOM NKBL: 2
  MOM GLOBAL_INDEXING: False
  MOM FIRST_DIRECTION: 0
  MOM CHECK_BAD_SURFACE_VALS: False
  MOM DEFAULT_2018_ANSWERS: False
  MOM SURFACE_2018_ANSWERS: False
  MOM USE_DIABATIC_TIME_BUG: False
  MOM SAVE_INITIAL_CONDS: True
  MOM IC_OUTPUT_FILE: GOLD_IC
  MOM WRITE_GEOM: 1
  MOM ICE_SHELF: False
  MOM ENSEMBLE_OCEAN: False
  MOM ROTATE_INDEX: False
MOM_domains: unknown
  MOM_domains REENTRANT_X: True
  MOM_domains REENTRANT_Y: False
  MOM_domains TRIPOLAR_N: True
  MOM_domains !SYMMETRIC_MEMORY_: True
  MOM_domains NONBLOCKING_UPDATES: False
  MOM_domains THIN_HALO_UPDATES: True
  MOM_domains !STATIC_MEMORY_: False
  MOM_domains NIGLOBAL: 328
  MOM_domains NJGLOBAL: 222
  MOM_domains NIHALO: 4
  MOM_domains NJHALO: 4
  MOM_domains MASKTABLE: MOM_mask_table
  MOM_domains NIPROC: 2
  MOM_domains NJPROC: 4
  MOM_domains LAYOUT: 2, 4
  MOM_domains IO_LAYOUT: 1, 1

MOM_in domain decomposition:     2 X    4
   pe,   is,  ie,  js,  je,    isd, ied, jsd, jed

MOM_inc domain decomposition:     2 X    4
   pe,   is,  ie,  js,  je,    isd, ied, jsd, jed
MOM_debugging: unknown
  MOM_debugging DEBUG: False
  MOM_debugging DEBUG_CHKSUMS: False
  MOM_debugging DEBUG_REDUNDANT: False
MOM_checksums: unknown

================================================================================
DIAG_UTIL_MOD
unknown

================================================================================
DIAG_DATA_MOD
unknown

================================================================================
DIAG_MANAGER_MOD
unknown
&DIAG_MANAGER_NML
 APPEND_PELIST_NAME=F,
 MIX_SNAPSHOT_AVERAGE_FIELDS=F,
 MAX_OUTPUT_FIELDS=300        ,
 MAX_INPUT_FIELDS=600        ,
 MAX_AXES=60         ,
 DO_DIAG_FIELD_LOG=F,
 WRITE_BYTES_IN_FILE=F,
 DEBUG_DIAG_MANAGER=F,
 MAX_NUM_AXIS_SETS=25         ,
 MAX_FILES=31         ,
 USE_CMOR=F,
 ISSUE_OOR_WARNINGS=T,
 OOR_WARNINGS_FATAL=F,
 MAX_OUT_PER_IN_FIELD=150        ,
 FLUSH_NC_FILES=F,
 REGION_OUT_USE_ALT_VALUE=T,
 MAX_FIELD_ATTRIBUTES=4          ,
 MAX_FILE_ATTRIBUTES=2          ,
 MAX_AXIS_ATTRIBUTES=4          ,
 PREPEND_DATE=T,
 WRITE_MANIFEST_FILE=F,
 /
========================================================================
READ_ASCII_FILE: unknown
READ_ASCII_FILE: File: diag_table
base date used =    1 January  1  0:00:00 gmt

================================================================================
DIAG_AXIS_MOD
unknown
MOM_io: unknown
MOM_hor_index: unknown

MOM_in domain decomposition:     2 X    4
   pe,   is,  ie,  js,  je,    isd, ied, jsd, jed

MOM_in domain decomposition:     2 X    4
   pe,   is,  ie,  js,  je,    isd, ied, jsd, jed
MOM_fixed_initialization: unknown
  MOM_fixed_initialization DEBUG: False
  MOM_fixed_initialization INPUTDIR: INPUT
MOM_grid_init: unknown
  MOM_grid_init GRID_CONFIG: mosaic
  MOM_grid_init DEBUG: False
  MOM_grid_init set_grid_metrics_from_mosaic GRID_FILE: ocean_hgrid.nc
  MOM_grid_init set_grid_metrics_from_mosaic USE_TRIPOLAR_GEOLONB_BUG: False
  MOM_grid_init set_grid_metrics_from_mosaic INPUTDIR: INPUT
  MOM_grid_init set_grid_metrics_from_mosaic INPUTDIR/GRID_FILE: INPUT/ocean_hgrid.nc

MOM_MOSAIC domain decomposition:     2 X    4
   pe,   is,  ie,  js,  je,    isd, ied, jsd, jed

MOM_MOSAIC domain decomposition:     2 X    4
   pe,   is,  ie,  js,  je,    isd, ied, jsd, jed
  MOM_initialize_topography TOPO_CONFIG: file
  initialize_topography_from_file INPUTDIR: INPUT
  initialize_topography_from_file TOPO_FILE: topog.nc
  initialize_topography_from_file TOPO_VARNAME: depth
  initialize_topography_from_file INPUTDIR/TOPO_FILE: INPUT/topog.nc
  apply_topography_edits_from_file INPUTDIR: INPUT
  apply_topography_edits_from_file TOPO_EDITS_FILE:
  apply_topography_edits_from_file ALLOW_LANDMASK_CHANGES: False
  apply_topography_edits_from_file MINIMUM_DEPTH: 0.5
  apply_topography_edits_from_file MASKING_DEPTH: -9999.0
  MOM_initialize_topography MAXIMUM_DEPTH: 6000.0
  limit_topography MINIMUM_DEPTH: 0.5
MOM_open_boundary: unknown
  MOM_open_boundary OBC_NUMBER_OF_SEGMENTS: 0
  MOM_grid_init initialize_masks MINIMUM_DEPTH: 0.5
  MOM_grid_init initialize_masks MASKING_DEPTH: -9999.0
  MOM_fixed_initialization CHANNEL_CONFIG: global_1deg
  MOM_initialize_rotation ROTATION: 2omegasinlat
  set_rotation_planetary OMEGA: 7.2921E-05
  initialize_grid_rotation_angle GRID_ROTATION_ANGLE_BUGS: False
MOM_verticalGrid: unknown
  MOM_verticalGrid G_EARTH: 9.8
  MOM_verticalGrid RHO_0: 1035.0
  MOM_verticalGrid BOUSSINESQ: True
  MOM_verticalGrid ANGSTROM: 1.0E-10
  MOM_verticalGrid H_RESCALE_POWER: 0
  MOM_verticalGrid H_TO_M: 1.0
  MOM_verticalGrid NK: 37
  MOM_verticalGrid M to THICKNESS: 1.0
  MOM_verticalGrid M to THICKNESS rescaled by 2^-n: 1.0
  MOM_verticalGrid THICKNESS to M rescaled by 2^n: 1.0

MOM_in domain decomposition:     2 X    4
   pe,   is,  ie,  js,  je,    isd, ied, jsd, jed
