========================================================================
READ_ASCII_FILE: unknown
READ_ASCII_FILE: File: input.nml
========================================================================
READ_INPUT_NML: unknown
READ_INPUT_NML: input.nml 
  &MOM_input_nml
         output_directory = './',
         input_filename = 'n'
         restart_input_dir = 'INPUT/',
         restart_output_dir = 'RESTART/',
         parameter_filename = 'MOM_input',
                              'MOM_override' /
 
  &SIS_input_nml
         output_directory = './',
         input_filename = 'n'
         restart_input_dir = 'INPUT/',
         restart_output_dir = 'RESTART/',
         parameter_filename = 'SIS_input',
                              'SIS_override' /
 
  &diag_manager_nml
  /
 
  &coupler_nml
             months = 0,
             days   = 720,
             current_date = 2012,1,1,0,0,0,
             hours = 0
             minutes = 0
             seconds = 0
             calendar = 'NOLEAP',
             dt_cpld  = 7200,
             dt_atmos = 7200,
             do_atmos = .false.,
             do_land = .false.,
             do_ice = .true.,
             do_ocean = .true.,
             atmos_npes = 0,
             ocean_npes = 0,
             concurrent = .false.
             use_lag_fluxes=.true. /
 
  &data_override_nml
          /
 
  &fms_io_nml
          fms_netcdf_restart=.true.
          threading_read='multi'
  /
 
  &fms_nml
        clock_grain='MODULE'
        domains_stack_size = 4838400
        !clock_flags='SYNC'
        /
 
  &ice_albedo_nml
       t_range = 10. /
 
  &ice_model_nml
            /
 
  &monin_obukhov_nml
             neutral = .true. /
 
  &ocean_albedo_nml
       ocean_albedo_option = 5 /
 
  &sat_vapor_pres_nml
       construct_table_wrt_liq = .true.,
       construct_table_wrt_liq_and_ice = .true. /
 
  &xgrid_nml
             make_exchange_reproduce = .false.
             interp_method = 'second_order' /
 
 

MPP module unknown
MPP started with NPES=   144
Using MPI library for message passing...
Realtime clock resolution=  1.0000E-09 sec ( 999999999 ticks/sec)
Clock rolls over after   9.2234E+09 sec ( 9223372036854775806 ticks)

MPP Parameter module unknown

MPP Data module unknown

MPP_DOMAINS module unknown
&MPP_IO_NML
 HEADER_BUFFER_VAL=16384      ,
 GLOBAL_FIELD_ON_ROOT_PE=T,
 IO_CLOCKS_ON=F,
 SHUFFLE=0          ,
 DEFLATE_LEVEL=-1         ,
 CF_COMPLIANCE=F,
 /

MPP_IO module unknown

Using netCDF library version 4.8.1 of Sep  4 2021 13:24:12 $

================================================================================
FMS_IO_MOD
unknown

================================================================================
FMS_MOD
unknown
&FMS_NML
 READ_ALL_PE=T,
 CLOCK_GRAIN="MODULE          ",
 CLOCK_FLAGS="NONE            ",
 WARNING_LEVEL="warning ",
 IOSPEC_IEEE32="-N ieee_32                                                      ",
 STACK_SIZE=0          ,
 DOMAINS_STACK_SIZE=4838400    ,
 PRINT_MEMORY_USAGE=F,
 /
 nml_error_codes=

================================================================================
CONSTANTS_MOD
unknown

================================================================================
$Id$
$Name$

================================================================================
TIME_MANAGER_MOD
unknown
&COUPLER_NML
 CURRENT_DATE=2012       , 2*1          , 3*0          ,
 CALENDAR="NOLEAP           ",
 FORCE_DATE_FROM_NAMELIST=T,
 MONTHS=0          ,
 DAYS=720        ,
 HOURS=0          ,
 MINUTES=0          ,
 SECONDS=0          ,
 DT_CPLD=7200       ,
 DT_ATMOS=7200       ,
 DO_ATMOS=F,
 DO_LAND=F,
 DO_ICE=T,
 DO_OCEAN=T,
 DO_FLUX=T,
 ATMOS_NPES=144        ,
 OCEAN_NPES=144        ,
 ICE_NPES=144        ,
 LAND_NPES=144        ,
 ATMOS_NTHREADS=1          ,
 OCEAN_NTHREADS=1          ,
 RADIATION_NTHREADS=1          ,
 CONCURRENT=F,
 DO_CONCURRENT_RADIATION=F,
 USE_LAG_FLUXES=T,
 CHECK_STOCKS=0          ,
 RESTART_INTERVAL= 6*0          ,
 DO_DEBUG=F,
 DO_CHKSUM=F,
 USE_HYPER_THREAD=F,
 NCORES_PER_NODE=0          ,
 DEBUG_AFFINITY=F,
 CONCURRENT_ICE=F,
 SLOW_ICE_WITH_OCEAN=F,
 DO_ENDPOINT_CHKSUM=T,
 COMBINED_ICE_AND_OCEAN=F,
 /
  current date used = 2012 January  1  0:00:00 gmt

================================================================================
DIAG_UTIL_MOD
unknown

================================================================================
DIAG_DATA_MOD
unknown

================================================================================
DIAG_MANAGER_MOD
unknown
&DIAG_MANAGER_NML
 APPEND_PELIST_NAME=F,
 MIX_SNAPSHOT_AVERAGE_FIELDS=F,
 MAX_OUTPUT_FIELDS=300        ,
 MAX_INPUT_FIELDS=600        ,
 MAX_AXES=60         ,
 DO_DIAG_FIELD_LOG=F,
 WRITE_BYTES_IN_FILE=F,
 DEBUG_DIAG_MANAGER=F,
 MAX_NUM_AXIS_SETS=25         ,
 MAX_FILES=31         ,
 USE_CMOR=F,
 ISSUE_OOR_WARNINGS=T,
 OOR_WARNINGS_FATAL=F,
 MAX_OUT_PER_IN_FIELD=150        ,
 FLUSH_NC_FILES=F,
 REGION_OUT_USE_ALT_VALUE=T,
 MAX_FIELD_ATTRIBUTES=4          ,
 MAX_FILE_ATTRIBUTES=2          ,
 MAX_AXIS_ATTRIBUTES=4          ,
 PREPEND_DATE=T,
 WRITE_MANIFEST_FILE=F,
 /
========================================================================
READ_ASCII_FILE: unknown
READ_ASCII_FILE: File: diag_table
base date used = 2012 January  1  0:00:00 gmt

================================================================================
DIAG_AXIS_MOD
unknown

================================================================================
TRACER_MANAGER_MOD
unknown

================================================================================
FIELD_MANAGER_MOD
unknown
"TRACER", "atmos_mod", "sphum"                                                                                                                                                                                                                                                                                                                                                                                                                                                                                                                                                                                                                                                                                                                                                                                                                                                                                                                                                                                                                                  
                                                                                                                                                                                                                                                                                                                                                                                                                                                                                                                                                                                                                                                                                                                                                                                                                                                                                                                                                                                                                                                                
# prognotic cloud scheme tracers                                                                                                                                                                                                                                                                                                                                                                                                                                                                                                                                                                                                                                                                                                                                                                                                                                                                                                                                                                                                                                
  "TRACER", "atmos_mod", "liq_wat"                                                                                                                                                                                                                                                                                                                                                                                                                                                                                                                                                                                                                                                                                                                                                                                                                                                                                                                                                                                                                              
  "TRACER", "atmos_mod", "ice_wat"                                                                                                                                                                                                                                                                                                                                                                                                                                                                                                                                                                                                                                                                                                                                                                                                                                                                                                                                                                                                                              
  "TRACER", "atmos_mod", "cld_amt"                                                                                                                                                                                                                                                                                                                                                                                                                                                                                                                                                                                                                                                                                                                                                                                                                                                                                                                                                                                                                              
                                                                                                                                                                                                                                                                                                                                                                                                                                                                                                                                                                                                                                                                                                                                                                                                                                                                                                                                                                                                                                                                
# test tracer for radon                                                                                                                                                                                                                                                                                                                                                                                                                                                                                                                                                                                                                                                                                                                                                                                                                                                                                                                                                                                                                                         
                                                                                                                                                                                                                                                                                                                                                                                                                                                                                                                                                                                                                                                                                                                                                                                                                                                                                                                                                                                                                                                                
# "TRACER", "atmos_mod", "radon"                                                                                                                                                                                                                                                                                                                                                                                                                                                                                                                                                                                                                                                                                                                                                                                                                                                                                                                                                                                                                                
#           "longname",     "radon test tracer"                                                                                                                                                                                                                                                                                                                                                                                                                                                                                                                                                                                                                                                                                                                                                                                                                                                                                                                                                                                                                 
#           "units",        "kg/kg" /                                                                                                                                                                                                                                                                                                                                                                                                                                                                                                                                                                                                                                                                                                                                                                                                                                                                                                                                                                                                                           
                                                                                                                                                                                                                                                                                                                                                                                                                                                                                                                                                                                                                                                                                                                                                                                                                                                                                                                                                                                                                                                                
 "TRACER", "land_mod", "sphum"/                                                                                                                                                                                                                                                                                                                                                                                                                                                                                                                                                                                                                                                                                                                                                                                                                                                                                                                                                                                                                                 
                                                                                                                                                                                                                                                                                                                                                                                                                                                                                                                                                                                                                                                                                                                                                                                                                                                                                                                                                                                                                                                                
 ----------------------------------------------------
 Contents of tracer entry            1
 Model type and field name
 Model                :            1
 Field name           : sphum
 Tracer units         : kg/kg
 Tracer longname      : specific humidity
 Tracer is_prognostic :  T
 ----------------------------------------------------
 ----------------------------------------------------
 Contents of tracer entry            2
 Model type and field name
 Model                :            1
 Field name           : liq_wat
 Tracer units         : kg/kg
 Tracer longname      : cloud liquid specific humidity
 Tracer is_prognostic :  T
 ----------------------------------------------------
 ----------------------------------------------------
 Contents of tracer entry            3
 Model type and field name
 Model                :            1
 Field name           : ice_wat
 Tracer units         : kg/kg
 Tracer longname      : cloud ice water specific humidity
 Tracer is_prognostic :  T
 ----------------------------------------------------
 ----------------------------------------------------
 Contents of tracer entry            4
 Model type and field name
 Model                :            1
 Field name           : cld_amt
 Tracer units         : none
 Tracer longname      : cloud fraction
 Tracer is_prognostic :  T
 ----------------------------------------------------
Number of tracers in field table for atmospheric model =    4
Number of tracers in field table for oceanic model =    0
 ----------------------------------------------------
 Contents of tracer entry            5
 Model type and field name
 Model                :            3
 Field name           : sphum
 Tracer units         : none
 Tracer longname      : sphum
 Tracer is_prognostic :  T
 ----------------------------------------------------
Number of tracers in field table for land model =    1
Number of tracers in field table for ice model =    0
Number of tracers in field table for coupler model =    0

================================================================================
atmos_ocean_fluxes_mod
unknown

================================================================================
coupler_types_mod
unknown

atmos model domain decomposition:    12 X   12
   pe,   is,  ie,  js,  je,    isd, ied, jsd, jed

================================================================================
DIAG_INTEGRAL_MOD
unknown
&DIAG_INTEGRAL_NML
 OUTPUT_INTERVAL= -1.0000000000000000     ,
 TIME_UNITS="hours   ",
 FILE_NAME="                                                                ",
 PRINT_HEADER=T,
 FIELDS_PER_PRINT_LINE=4          ,
 /
&DATA_OVERRIDE_NML
 DEBUG_DATA_OVERRIDE=F,
 GRID_CENTER_BUG=F,
 /

================================================================================
HORIZ_INTERP_MOD
unknown
&HORIZ_INTERP_NML
 REPRODUCE_SIENA=F,
 /

================================================================================
HORIZ_INTERP_CONSERVE_MOD
unknown

================================================================================
HORIZ_INTERP_BILINEAR_MOD
unknown

================================================================================
HORIZ_INTERP_BICUBIC_MOD
unknown

================================================================================
horiz_interp_spherical_mod
unknown

================================================================================
DATA_OVERRIDE_MOD
unknown

================================================================================
TIME_INTERP_EXTERNAL_MOD
unknown
&TIME_INTERP_EXTERNAL_NML
 NUM_IO_BUFFERS=2          ,
 DEBUG_THIS_MODULE=F,
 MAX_FIELDS=100        ,
 MAX_FILES=40         ,
 /

================================================================================
TIME_INTERP_MOD
unknown
&TIME_INTERP_NML
 PERTHLIKE_BEHAVIOR=F,
 /

================================================================================
$Id$
$Name$

land model domain decomposition:    12 X   12
   pe,   is,  ie,  js,  je,    isd, ied, jsd, jed
&DATA_OVERRIDE_NML
 DEBUG_DATA_OVERRIDE=F,
 GRID_CENTER_BUG=F,
 /
ice_model: unknown
MOM_unit_scaling: unknown
  MOM_unit_scaling Z_RESCALE_POWER: 0
  MOM_unit_scaling L_RESCALE_POWER: 0
  MOM_unit_scaling T_RESCALE_POWER: 0
  MOM_unit_scaling R_RESCALE_POWER: 0
  MOM_unit_scaling Q_RESCALE_POWER: 0
  ice_model SPECIFIED_ICE: False
  ice_model CGRID_ICE_DYNAMICS: True
  ice_model USE_SLAB_ICE: False
  ice_model SINGLE_ICE_STATE_TYPE: True
  ice_model EULERIAN_TSURF: True
  ice_model ICE_OCEAN_STRESS_STAGGER: C
  ice_model RHO_OCEAN: 1030.0
  ice_model RHO_ICE: 905.0
  ice_model RHO_SNOW: 330.0
  ice_model G_EARTH: 9.8
  ice_model MOMENTUM_ROUGH_ICE: 1.0E-04
  ice_model HEAT_ROUGH_ICE: 1.0E-04
  ice_model CONSTANT_COSZEN_IC: -1.0
  ice_model DT_RADIATION: 7200.0
  ice_model ICE_KMELT: 240.0
  ice_model ICE_BOUNDS_CHECK: True
  ice_model DEBUG: False
  ice_model DEBUG_SLOW_ICE: False
  ice_model DEBUG_FAST_ICE: False
  ice_model GLOBAL_INDEXING: False
  ice_model FIRST_DIRECTION: 0
  ice_model ICE_SEES_ATMOS_WINDS: True
  ice_model APPLY_SLP_TO_OCEAN: False
  ice_model PASS_STRESS_MAG_TO_OCEAN: False
  ice_model DO_ICEBERGS: False
  ice_model ADD_DIURNAL_SW: False
  ice_model DO_SUN_ANGLE_FOR_ALB: False
  ice_model DO_RIDGING: False
  ice_model RESTARTFILE: ice_model.res.nc
  ice_model FAST_ICE_RESTARTFILE: ice_model.res.nc
  ice_model APPLY_MASKS_AFTER_RESTART: True
  MOM WRITE_GEOM: 1
  MOM INTERPOLATE_FLUXES: True
  MOM REDO_FAST_ICE_UPDATE: False
SIS_debugging: unknown
  SIS_debugging DEBUG: False
  SIS_debugging DEBUG_CHKSUMS: False
  SIS_debugging DEBUG_REDUNDANT: False
MOM_checksums: unknown
ice_grid: unknown
  ice_grid NCAT_ICE: 5
  ice_grid NK_ICE: 4
  ice_grid NK_SNOW: 1
  ice_grid MIN_OCEAN_PARTSIZE: 0.0
MOM_domains: unknown
  MOM_domains REENTRANT_X: True
  MOM_domains REENTRANT_Y: False
  MOM_domains TRIPOLAR_N: False
  MOM_domains !SYMMETRIC_MEMORY_: False
  MOM_domains NONBLOCKING_UPDATES: False
  MOM_domains THIN_HALO_UPDATES: True
  MOM_domains !STATIC_MEMORY_: False
  MOM_domains NIGLOBAL: 300
  MOM_domains NJGLOBAL: 250
  MOM_domains NIHALO: 4
  MOM_domains NJHALO: 4
  MOM_domains MASKTABLE: MOM_mask_table
  MOM_domains NIPROC: 12
  MOM_domains NJPROC: 12
  MOM_domains LAYOUT: 12, 12
  MOM_domains IO_LAYOUT: 1, 1

ice model domain decomposition:    12 X   12
   pe,   is,  ie,  js,  je,    isd, ied, jsd, jed

ice modelc domain decomposition:    12 X   12
   pe,   is,  ie,  js,  je,    isd, ied, jsd, jed
MOM_hor_index: unknown

ice model domain decomposition:    12 X   12
   pe,   is,  ie,  js,  je,    isd, ied, jsd, jed

ice model domain decomposition:    12 X   12
   pe,   is,  ie,  js,  je,    isd, ied, jsd, jed
SIS_restart: unknown
  SIS_restart PARALLEL_RESTARTFILES: False
  SIS_restart MAX_FIELDS: 100
  SIS_restart RESTART_CHECKSUMS_REQUIRED: True
SIS_initialize_fixed: unknown
  SIS_initialize_fixed DEBUG: False
  SIS_initialize_fixed DEBUG_SLOW_ICE: False
  SIS_initialize_fixed INPUTDIR: INPUT
MOM_grid_init: unknown
  MOM_grid_init GRID_CONFIG: mosaic
  MOM_grid_init DEBUG: False
  MOM_grid_init set_grid_metrics_from_mosaic GRID_FILE: bob_hor.nc
  MOM_grid_init set_grid_metrics_from_mosaic USE_TRIPOLAR_GEOLONB_BUG: False
  MOM_grid_init set_grid_metrics_from_mosaic INPUTDIR: INPUT
  MOM_grid_init set_grid_metrics_from_mosaic INPUTDIR/GRID_FILE: INPUT/bob_hor.nc

MOM_MOSAIC domain decomposition:    12 X   12
   pe,   is,  ie,  js,  je,    isd, ied, jsd, jed
