========================================================================
READ_ASCII_FILE: unknown
READ_ASCII_FILE: File: input.nml
========================================================================
READ_INPUT_NML: unknown
READ_INPUT_NML: input.nml 
  &MOM_input_nml
          output_directory   = 'OUTPUT/',
          input_filename     = 'n',
          restart_input_dir  = 'RESTART/',
          restart_output_dir = 'RESTART/',
          parameter_filename = 'MOM_input',
                               'MOM_layout',
                               'MOM_override'
 /
 
  &SIS_input_nml
          output_directory   = /home/nma/HDD/hdd/IISC_PA/COAPS_config/expt_11.2'OUTPUT_YYYA/',
          input_filename     = 'r',
          restart_input_dir  = 'RESTART_YYYA/',
          restart_output_dir = 'RESTART/',
          parameter_filename = 'SIS_input',
                               'SIS_layout',
                               'SIS_override'
 /
 
  &atmos_model_nml
            layout = 0, 0
 /
 
  &coupler_nml
             calendar       = 'GREGORIAN',
             current_date   = YYYY,MM,DD,HH,MM,SS
             months         = 0,
             days           = DD,
             dt_cpld        = 3600,
             dt_atmos       = 3600,
             do_atmos       = .false.,
             do_land        = .false.,
             do_ice         = .true.,
             do_ocean       = .true.,
             do_flux        = .true.,
             atmos_npes     =  NMPI,
 	    ocean_npes     =  NMPI,
             concurrent     = .false.
             use_lag_fluxes = .false.
             check_stocks   = 0
 /
 
  &diag_manager_nml
             flush_nc_files = .true.,
             max_axes          = 100,
             max_num_axis_sets = 100,
             max_input_fields  = 699
             max_output_fields = 699
             mix_snapshot_average_fields=.false.
 /
 
 
  &flux_exchange_nml
             debug_stocks          = .FALSE.
             divert_stocks_report  = .TRUE.
             do_area_weighted_flux = .FALSE.
 /
 
  &fms_io_nml
             fms_netcdf_restart = .true.
             threading_read     = 'multi'
             max_files_r        = 200
             max_files_w        = 200
             checksum_required  = .false.
 /
 
  &fms_nml
             clock_grain        = 'ROUTINE'
             clock_flags        = 'NONE'
             domains_stack_size = 5000000
             stack_size         = 0
 /
 
 
  &ice_albedo_nml
             t_range = 10.
 /
 
  &ice_model_nml
 
 /
 
 
  &icebergs_nml
 	verbose                = .false.,	
         verbose_hrs            = 24,
 	traj_sample_hrs        = 24,
 	debug                  = .false.,
 	really_debug           = .false.,
 	use_slow_find          = .true.,
 	add_weight_to_ocean    = .true.,
 	passive_mode           = .false.,
 	generate_test_icebergs = .false.,
 	speed_limit            = 0.,
 	use_roundoff_fix       = .true.,
 	make_calving_reproduce = .true.
 /
 
  &monin_obukhov_nml
 	neutral = .true.
 /
 
  &ocean_albedo_nml
             ocean_albedo_option = 2
 /
 
  &ocean_rough_nml
             rough_scheme  = 'beljaars'
 /
 
 
  &sat_vapor_pres_nml
             construct_table_wrt_liq         = .true.
             construct_table_wrt_liq_and_ice = .true.
 /
 
 
  &surface_flux_nml
             use_surface_velocity = .false. ! use U10, not U10-Uocn
             ncar_ocean_flux      = .true.  ! Large & Yeager, 2004
             raoult_sat_vap       = .true.  ! account for seawater
 /
 
 
  &xgrid_nml
             make_exchange_reproduce = .true.
             interp_method           = 'second_order'
 /
 
 

MPP module unknown
MPP started with NPES=     2
Using MPI library for message passing...
Realtime clock resolution=  1.0000E-09 sec ( 999999999 ticks/sec)
Clock rolls over after   9.2234E+09 sec ( 9223372036854775806 ticks)

MPP Parameter module unknown

MPP Data module unknown

MPP_DOMAINS module unknown
&MPP_IO_NML
 HEADER_BUFFER_VAL=16384      ,
 GLOBAL_FIELD_ON_ROOT_PE=T,
 IO_CLOCKS_ON=F,
 SHUFFLE=0          ,
 DEFLATE_LEVEL=-1         ,
 CF_COMPLIANCE=F,
 /

MPP_IO module unknown

Using netCDF library version 4.7.3 of Jan 23 2020 04:18:16 $

================================================================================
FMS_IO_MOD
unknown

================================================================================
FMS_MOD
unknown
&FMS_NML
 READ_ALL_PE=T,
 CLOCK_GRAIN="ROUTINE         ",
 CLOCK_FLAGS="NONE            ",
 WARNING_LEVEL="warning ",
 IOSPEC_IEEE32="-N ieee_32                                                      ",
 STACK_SIZE=0          ,
 DOMAINS_STACK_SIZE=5000000    ,
 PRINT_MEMORY_USAGE=F,
 /
 nml_error_codes=

================================================================================
CONSTANTS_MOD
unknown

================================================================================
TIME_MANAGER_MOD
unknown

================================================================================
TIME_INTERP_EXTERNAL_MOD
unknown
&TIME_INTERP_EXTERNAL_NML
 NUM_IO_BUFFERS=2          ,
 DEBUG_THIS_MODULE=F,
 MAX_FIELDS=100        ,
 MAX_FILES=40         ,
 /

================================================================================
TIME_INTERP_MOD
unknown
&TIME_INTERP_NML
 PERTHLIKE_BEHAVIOR=F,
 /
find_obsolete_params: unknown
MOM_unit_scaling: unknown
  MOM_unit_scaling Z_RESCALE_POWER: 0
  MOM_unit_scaling L_RESCALE_POWER: 0
  MOM_unit_scaling T_RESCALE_POWER: 0
  MOM_unit_scaling R_RESCALE_POWER: 0
  MOM_unit_scaling Q_RESCALE_POWER: 0
MOM: unknown
  MOM VERBOSITY: 2
  MOM DO_UNIT_TESTS: False
  MOM SPLIT: True
  MOM CALC_RHO_FOR_SEA_LEVEL: False
  MOM ENABLE_THERMODYNAMICS: True
  MOM USE_EOS: True
  MOM DIABATIC_FIRST: False
  MOM USE_CONTEMP_ABSSAL: False
  MOM ADIABATIC: False
  MOM DO_DYNAMICS: True
  MOM OFFLINE_TRACER_MODE: False
  MOM USE_REGRIDDING: True
  MOM BULKMIXEDLAYER: False
  MOM THICKNESSDIFFUSE: False
  MOM THICKNESSDIFFUSE_FIRST: True
  MOM BATHYMETRY_AT_VEL: False
  MOM DEBUG: False
  MOM DEBUG_TRUNCATIONS: False
  MOM DT: 300.0
  MOM DT_THERM: 1200.0
  MOM THERMO_SPANS_COUPLING: False
  MOM HMIX_SFC_PROP: 1.0
  MOM HMIX_UV_SFC_PROP: 0.0
  MOM HFREEZE: -1.0
  MOM INTERPOLATE_P_SURF: False
  MOM DTBT: -0.9
  MOM DTBT_RESET_PERIOD: 1200.0
  MOM FRAZIL: True
  MOM DO_GEOTHERMAL: False
  MOM BOUND_SALINITY: True
  MOM MIN_SALINITY: 0.0
  MOM C_P: 3992.0
  MOM USE_PSURF_IN_EOS: True
  MOM P_REF: 2.0E+07
  MOM GLOBAL_INDEXING: False
  MOM FIRST_DIRECTION: 0
  MOM ALTERNATE_FIRST_DIRECTION: False
  MOM CHECK_BAD_SURFACE_VALS: True
  MOM BAD_VAL_SSH_MAX: 50.0
  MOM BAD_VAL_SSS_MAX: 75.0
  MOM BAD_VAL_SST_MAX: 55.0
  MOM BAD_VAL_SST_MIN: -3.0
  MOM BAD_VAL_COLUMN_THICKNESS: 0.0
  MOM DEFAULT_2018_ANSWERS: False
  MOM SURFACE_2018_ANSWERS: False
  MOM USE_DIABATIC_TIME_BUG: False
  MOM SAVE_INITIAL_CONDS: False
  MOM IC_OUTPUT_FILE: MOM_IC.nc
  MOM WRITE_GEOM: 0
  MOM ICE_SHELF: False
  MOM ENSEMBLE_OCEAN: False
  MOM ROTATE_INDEX: False
MOM_domains: unknown
  MOM_domains REENTRANT_X: False
  MOM_domains REENTRANT_Y: False
  MOM_domains TRIPOLAR_N: False
  MOM_domains !SYMMETRIC_MEMORY_: True
  MOM_domains NONBLOCKING_UPDATES: False
  MOM_domains THIN_HALO_UPDATES: True
  MOM_domains !STATIC_MEMORY_: False
  MOM_domains NIGLOBAL: 262
  MOM_domains NJGLOBAL: 192
  MOM_domains NIHALO: 4
  MOM_domains NJHALO: 4
  MOM_domains MASKTABLE: MOM_mask_table
  MOM_domains NIPROC: 2
  MOM_domains NJPROC: 1
  MOM_domains LAYOUT: 2, 1
  MOM_domains IO_LAYOUT: 1, 1

MOM_in domain decomposition:     2 X    1
   pe,   is,  ie,  js,  je,    isd, ied, jsd, jed

MOM_inc domain decomposition:     2 X    1
   pe,   is,  ie,  js,  je,    isd, ied, jsd, jed
MOM_debugging: unknown
  MOM_debugging DEBUG: False
  MOM_debugging DEBUG_CHKSUMS: False
  MOM_debugging DEBUG_REDUNDANT: False
MOM_checksums: unknown

================================================================================
DIAG_UTIL_MOD
unknown

================================================================================
DIAG_DATA_MOD
unknown

================================================================================
DIAG_MANAGER_MOD
unknown
&DIAG_MANAGER_NML
 APPEND_PELIST_NAME=F,
 MIX_SNAPSHOT_AVERAGE_FIELDS=F,
 MAX_OUTPUT_FIELDS=699        ,
 MAX_INPUT_FIELDS=699        ,
 MAX_AXES=100        ,
 DO_DIAG_FIELD_LOG=F,
 WRITE_BYTES_IN_FILE=F,
 DEBUG_DIAG_MANAGER=F,
 MAX_NUM_AXIS_SETS=100        ,
 MAX_FILES=31         ,
 USE_CMOR=F,
 ISSUE_OOR_WARNINGS=T,
 OOR_WARNINGS_FATAL=F,
 MAX_OUT_PER_IN_FIELD=150        ,
 FLUSH_NC_FILES=T,
 REGION_OUT_USE_ALT_VALUE=T,
 MAX_FIELD_ATTRIBUTES=4          ,
 MAX_FILE_ATTRIBUTES=2          ,
 MAX_AXIS_ATTRIBUTES=4          ,
 PREPEND_DATE=T,
 WRITE_MANIFEST_FILE=F,
 /
========================================================================
READ_ASCII_FILE: unknown
READ_ASCII_FILE: File: diag_table
base date used =    1 January  1  0:00:00 gmt

================================================================================
DIAG_AXIS_MOD
unknown
MOM_io: unknown
MOM_hor_index: unknown

MOM_in domain decomposition:     2 X    1
   pe,   is,  ie,  js,  je,    isd, ied, jsd, jed

MOM_in domain decomposition:     2 X    1
   pe,   is,  ie,  js,  je,    isd, ied, jsd, jed
MOM_fixed_initialization: unknown
  MOM_fixed_initialization DEBUG: False
  MOM_fixed_initialization INPUTDIR: INPUT
MOM_grid_init: unknown
  MOM_grid_init GRID_CONFIG: mosaic
  MOM_grid_init DEBUG: False
  MOM_grid_init set_grid_metrics_from_mosaic GRID_FILE: regional.mom6.nc
  MOM_grid_init set_grid_metrics_from_mosaic USE_TRIPOLAR_GEOLONB_BUG: False
  MOM_grid_init set_grid_metrics_from_mosaic INPUTDIR: INPUT
  MOM_grid_init set_grid_metrics_from_mosaic INPUTDIR/GRID_FILE: INPUT/regional.mom6.nc

MOM_MOSAIC domain decomposition:     2 X    1
   pe,   is,  ie,  js,  je,    isd, ied, jsd, jed

MOM_MOSAIC domain decomposition:     2 X    1
   pe,   is,  ie,  js,  je,    isd, ied, jsd, jed
  MOM_initialize_topography TOPO_CONFIG: file
  initialize_topography_from_file INPUTDIR: INPUT
  initialize_topography_from_file TOPO_FILE: depth_GOMb0.08_09m11_mom6.nc
  initialize_topography_from_file TOPO_VARNAME: depth
  initialize_topography_from_file INPUTDIR/TOPO_FILE: INPUT/depth_GOMb0.08_09m11_mom6.nc
  apply_topography_edits_from_file INPUTDIR: INPUT
  apply_topography_edits_from_file TOPO_EDITS_FILE:
  apply_topography_edits_from_file ALLOW_LANDMASK_CHANGES: False
  apply_topography_edits_from_file MINIMUM_DEPTH: 3.0
  apply_topography_edits_from_file MASKING_DEPTH: -9999.0
  MOM_initialize_topography MAXIMUM_DEPTH: 8200.0
  limit_topography MINIMUM_DEPTH: 3.0
MOM_open_boundary: unknown
  MOM_open_boundary OBC_NUMBER_OF_SEGMENTS: 3
  MOM_open_boundary OBC_ZERO_VORTICITY: True
  MOM_open_boundary OBC_FREESLIP_VORTICITY: False
  MOM_open_boundary OBC_COMPUTED_VORTICITY: False
  MOM_open_boundary OBC_SPECIFIED_VORTICITY: False
  MOM_open_boundary OBC_ZERO_STRAIN: False
  MOM_open_boundary OBC_FREESLIP_STRAIN: True
  MOM_open_boundary OBC_COMPUTED_STRAIN: False
  MOM_open_boundary OBC_SPECIFIED_STRAIN: False
  MOM_open_boundary OBC_ZERO_BIHARMONIC: True
  MOM_open_boundary MASK_OUTSIDE_OBCS: True
  MOM_open_boundary RAMP_OBCS: False
  MOM_open_boundary OBC_RAMP_TIMESCALE: 1.0
  MOM_open_boundary OBC_TIDE_N_CONSTITUENTS: 0
  MOM_open_boundary DEBUG: False
  MOM_open_boundary DEBUG_OBC: False
  MOM_open_boundary REENTRANT_X: False
  MOM_open_boundary REENTRANT_Y: False
  MOM_open_boundary OBC_SEGMENT_001: J=0,I=0:N,FLATHER
  MOM_open_boundary OBC_SEGMENT_002: I=N,J=0:N,FLATHER
  MOM_open_boundary OBC_SEGMENT_003: J=N,I=N:0,FLATHER
  MOM_open_boundary OBC_RADIATION_MAX: 1.0
  MOM_open_boundary OBC_RAD_VEL_WT: 0.3
  MOM_open_boundary OBC_TRACER_RESERVOIR_LENGTH_SCALE_OUT: 3.0E+04
  MOM_open_boundary OBC_TRACER_RESERVOIR_LENGTH_SCALE_IN: 3000.0
  MOM_open_boundary BRUSHCUTTER_MODE: False
  MOM_open_boundary DEFAULT_2018_ANSWERS: False
  MOM_open_boundary REMAPPING_2018_ANSWERS: False
  MOM_grid_init initialize_masks MINIMUM_DEPTH: 3.0
  MOM_grid_init initialize_masks MASKING_DEPTH: -9999.0
  MOM_fixed_initialization CHANNEL_CONFIG: none
  MOM_initialize_rotation ROTATION: 2omegasinlat
  set_rotation_planetary OMEGA: 7.2921E-05
  initialize_grid_rotation_angle GRID_ROTATION_ANGLE_BUGS: False
MOM_verticalGrid: unknown
  MOM_verticalGrid G_EARTH: 9.8
  MOM_verticalGrid RHO_0: 1035.0
  MOM_verticalGrid BOUSSINESQ: True
  MOM_verticalGrid ANGSTROM: 1.0E-10
  MOM_verticalGrid H_RESCALE_POWER: 0
  MOM_verticalGrid H_TO_M: 1.0
  MOM_verticalGrid NK: 41
  MOM_verticalGrid M to THICKNESS: 1.0
  MOM_verticalGrid M to THICKNESS rescaled by 2^-n: 1.0
  MOM_verticalGrid THICKNESS to M rescaled by 2^n: 1.0

MOM_in domain decomposition:     2 X    1
   pe,   is,  ie,  js,  je,    isd, ied, jsd, jed

MOM_in domain decomposition:     2 X    1
   pe,   is,  ie,  js,  je,    isd, ied, jsd, jed
MOM_tracer_registry: unknown
  MOM NK_RHO_VARIES: 0
MOM_EOS: unknown
  MOM_EOS EQN_OF_STATE: WRIGHT
  MOM_EOS EOS_QUADRATURE: False
  MOM_EOS TFREEZE_FORM: LINEAR
  MOM_EOS TFREEZE_S0_P0: 0.0
  MOM_EOS DTFREEZE_DS: -0.054
  MOM_EOS DTFREEZE_DP: -7.75E-08
MOM_restart: unknown
  MOM_restart PARALLEL_RESTARTFILES: True
  MOM_restart RESTARTFILE: MOM.res
  MOM_restart LARGE_FILE_SUPPORT: True
  MOM_restart MAX_FIELDS: 100
  MOM_restart RESTART_CHECKSUMS_REQUIRED: False
MOM_tracer_flow_control: unknown
  MOM_tracer_flow_control USE_USER_TRACER_EXAMPLE: False
  MOM_tracer_flow_control USE_DOME_TRACER: False
  MOM_tracer_flow_control USE_ISOMIP_TRACER: False
  MOM_tracer_flow_control USE_RGC_TRACER: False
  MOM_tracer_flow_control USE_IDEAL_AGE_TRACER: False
  MOM_tracer_flow_control USE_REGIONAL_DYES: False
  MOM_tracer_flow_control USE_OIL_TRACER: False
  MOM_tracer_flow_control USE_ADVECTION_TEST_TRACER: False
  MOM_tracer_flow_control USE_OCMIP2_CFC: False
  MOM_tracer_flow_control USE_CFC_CAP: False
  MOM_tracer_flow_control USE_generic_tracer: False
  MOM_tracer_flow_control USE_PSEUDO_SALT_TRACER: False
  MOM_tracer_flow_control USE_BOUNDARY_IMPULSE_TRACER: False
  MOM_tracer_flow_control USE_DYED_OBC_TRACER: False
  MOM_tracer_flow_control USE_NW2_TRACERS: False
MOM_boundary_update: unknown
  MOM_boundary_update USE_FILE_OBC: False
  MOM_boundary_update USE_TIDAL_BAY_OBC: False
  MOM_boundary_update USE_KELVIN_WAVE_OBC: False
  MOM_boundary_update USE_SHELFWAVE_OBC: False
  MOM_boundary_update USE_DYED_CHANNEL_OBC: False
segment_tracer_registry_init: unknown
  MOM_open_boundary OBC_SEGMENT_001_DATA: U=file:obc_south.nc(u11),V=file:obc_south.nc(v11),SSH=file:obc_south.nc(ssh),TEMP=file:obc_south.nc(pt),SALT=file:obc_south.nc(s)
  MOM_open_boundary OBC_SEGMENT_002_DATA: U=file:obc_east.nc(u11),V=file:obc_east.nc(v11),SSH=file:obc_east.nc(ssh),TEMP=file:obc_east.nc(pt),SALT=file:obc_east.nc(s)
  MOM_open_boundary OBC_SEGMENT_003_DATA: U=file:obc_north.nc(u11),V=file:obc_north.nc(v11),SSH=file:obc_north.nc(ssh),TEMP=file:obc_north.nc(pt),SALT=file:obc_north.nc(s)
MOM_grid: unknown
  MOM_grid NIBLOCK: 1
  MOM_grid NJBLOCK: 1
  MOM_grid REFERENCE_HEIGHT: 0.0
MOM_coord_initialization: unknown
  MOM_coord_initialization DEBUG: False
  MOM_coord_initialization COORD_CONFIG: file
  set_coord_from_file GFS: 9.8
  set_coord_from_file INPUTDIR: INPUT
  set_coord_from_file COORD_FILE: mom6_vgrid.nc
  set_coord_from_file COORD_VAR: Layer
  set_coord_from_file INPUTDIR/COORD_FILE: INPUT/mom6_vgrid.nc
  MOM_ALE REMAP_UV_USING_OLD_ALG: False
  MOM_ALE REGRIDDING_COORDINATE_MODE: HYCOM1
  MOM_ALE INPUTDIR: INPUT
  MOM_ALE REGRIDDING_COORDINATE_UNITS: m
  MOM_ALE INTERPOLATION_SCHEME: P1M_H2
  MOM_ALE DEFAULT_2018_ANSWERS: False
  MOM_ALE REMAPPING_2018_ANSWERS: False
  MOM_ALE BOUNDARY_EXTRAPOLATION: True
  MOM_ALE ALE_COORDINATE_CONFIG: HYBRID:mom6_vgrid.nc,sigma2,dz
  MOM_ALE !ALE_RESOLUTION: 1.0, 1.8, 3.24, 4.68, 4.93, 5.81, 6.87, 16*8.0, 10.0, 16.4, 35.92, 42.38, 50.02, 59.02, 69.64, 82.18, 96.97, 114.43, 135.02, 159.33, 188.01, 221.84, 261.78, 400.0, 2*600.0
  MOM_ALE !TARGET_DENSITIES: 1000.8253767322059, 1000.9753976286745, 1001.0754539025206, 1001.1755639809402, 1001.2757278869631, 1001.3759011987439, 1001.4761074528043, 1001.5763533875273, 1001.6766416349817, 1001.7769299846378, 1001.8772184359146, 1001.9775069882334, 1002.0777956410212, 1002.1780843937075, 1016.4018062156747, 1030.922895136804, 1031.5731039642267, 1032.1730731125313, 1032.7731379142344, 1033.3734060377199, 1033.9489898060865, 1034.4746559970501, 1034.9256378460568, 1035.2780631546893, 1035.5817658883268, 1035.8568875682522, 1036.0625595275512, 1036.2382822335644, 1036.4052397256335, 1036.531891684366, 1036.6282845626192, 1036.7098723640727, 1036.7818039929882, 1036.8505509724107, 1036.935804263422, 1037.0272838265205, 1037.1005320569998, 1037.1637770406705, 1037.2329108270692, 1037.346655072102, 1037.498820945812, 1037.681202716899
  MOM_ALE P_REF: 2.0E+07
  MOM_ALE REGRID_COMPRESSIBILITY_FRACTION: 0.01
  MOM_ALE MIN_THICKNESS: 0.001
  MOM_ALE MAXIMUM_INT_DEPTH_CONFIG: NONE
  MOM_ALE MAX_LAYER_THICKNESS_CONFIG: NONE
  MOM_ALE REMAPPING_SCHEME: PPM_H4
  MOM_ALE FATAL_CHECK_RECONSTRUCTIONS: False
  MOM_ALE FATAL_CHECK_REMAPPING: False
  MOM_ALE REMAP_BOUND_INTERMEDIATE_VALUES: False
  MOM_ALE REMAP_BOUNDARY_EXTRAP: False
  MOM_ALE DEFAULT_2018_ANSWERS: False
  MOM_ALE REMAPPING_2018_ANSWERS: False
  MOM_ALE REMAP_AFTER_INITIALIZATION: False
  MOM_ALE REGRID_TIME_SCALE: 0.0
  MOM_ALE REGRID_FILTER_SHALLOW_DEPTH: 0.0
  MOM_ALE REGRID_FILTER_DEEP_DEPTH: 0.0

MOM_in domain decomposition:     2 X    1
   pe,   is,  ie,  js,  je,    isd, ied, jsd, jed
