========================================================================
READ_ASCII_FILE: unknown
READ_ASCII_FILE: File: input.nml
========================================================================
READ_INPUT_NML: unknown
READ_INPUT_NML: input.nml 
  &MOM_input_nml
          output_directory = './',
          input_filename = 'n'
          restart_input_dir = 'INPUT/',
          restart_output_dir = 'RESTART/',
          parameter_filename = 'MOM_input',
                               'MOM_override'
 /
 
  &atmos_model_nml
            layout = 32, 32
 /
 
  &coupler_nml
             months = 0,
             days   = 2,
             current_date = 1900,1,1,0,0,0,
             calendar = 'NOLEAP',
             dt_cpld = 7200,
             dt_atmos = 7200,
             do_atmos = .false.,
             do_land = .false.,
             do_ice = .true.,
             do_ocean = .true.,
             do_flux = .true.,
             atmos_npes = 0,
             ocean_npes = 1024,
             concurrent = .false.
             use_lag_fluxes=.false.
             check_stocks = 0
 /
 
  &diag_manager_nml
             max_axes = 100,
             max_num_axis_sets = 100,
             max_input_fields = 699
             max_output_fields = 699
             mix_snapshot_average_fields=.false.
 /
 
  &flux_exchange_nml
             debug_stocks = .FALSE.
             divert_stocks_report = .TRUE.
             do_area_weighted_flux = .FALSE.
 /
 
  &fms_io_nml
             fms_netcdf_restart=.true.
             threading_read='multi'
             max_files_r = 200
             max_files_w = 200
 /
 
  &fms_nml
             clock_grain='ROUTINE'
             clock_flags='NONE'
             domains_stack_size = 5000000
             stack_size =0
 /
 
  &ice_albedo_nml
             t_range = 10.
 /
 
  &ice_model_nml
            layout = 32, 32
            io_layout = 8, 4
            nsteps_dyn=144
            nsteps_adv=2
            num_part = 6
            wd_turn = 0.0
            spec_ice=.false.
            ice_bulk_salin = 0.005
            alb_sno = 0.85                    ! keep CM2 setting
            alb_ice = 0.65                    ! keep CM2 setting
            t_range_melt = 1.0                ! NOTE: CM2 uses 1.0
            heat_rough_ice = 5.0e-4
            cm2_bugs = .false.
            do_icebergs = .false.
            atmos_winds=.true.
            add_diurnal_sw = .true.
            do_ice_limit=.false.
            max_ice_limit=4.0
            channel_viscosity=5.e5
            chan_cfl_limit=0.001
            h_lo_lim = 1.e-10
 /
 
  &icebergs_nml
             verbose=.FALSE.
             traj_sample_hrs=0
             verbose_hrs=2400
 /
 
  &monin_obukhov_nml
             neutral = .true.
 /
 
  &ocean_albedo_nml
             ocean_albedo_option = 2
 /
 
  &ocean_rough_nml
             rough_scheme = 'beljaars'
 /
 
  &sat_vapor_pres_nml
             construct_table_wrt_liq = .true.
             construct_table_wrt_liq_and_ice = .true.
 /
 
  &surface_flux_nml
             ncar_ocean_flux = .true.
 	    raoult_sat_vap = .true.
 /
 
  &topography_nml
             topog_file = 'INPUT/navy_topography.data.nc'
 /
 
  &xgrid_nml
             make_exchange_reproduce = .false.
             interp_method = 'second_order'
 /
 
 

MPP module unknown
MPP started with NPES=     1
Using MPI library for message passing...
Realtime clock resolution=  1.3000E-08 sec (  76923076 ticks/sec)
Clock rolls over after   1.1990E+11 sec ( 9223372036854775806 ticks)

MPP Parameter module unknown

MPP Data module unknown

MPP_DOMAINS module unknown
&MPP_IO_NML
 HEADER_BUFFER_VAL=16384      ,
 GLOBAL_FIELD_ON_ROOT_PE=T,
 IO_CLOCKS_ON=F,
 SHUFFLE=0          ,
 DEFLATE_LEVEL=-1         ,
 CF_COMPLIANCE=F,
 /

MPP_IO module unknown

Using netCDF library version 4.7.3 of Jan 23 2020 04:18:16 $

================================================================================
FMS_IO_MOD
unknown

================================================================================
FMS_MOD
unknown
&FMS_NML
 READ_ALL_PE=T,
 CLOCK_GRAIN="ROUTINE         ",
 CLOCK_FLAGS="NONE            ",
 WARNING_LEVEL="warning ",
 IOSPEC_IEEE32="-N ieee_32                                                      ",
 STACK_SIZE=0          ,
 DOMAINS_STACK_SIZE=5000000    ,
 PRINT_MEMORY_USAGE=F,
 /
 nml_error_codes=

================================================================================
CONSTANTS_MOD
unknown

================================================================================
TIME_MANAGER_MOD
unknown

================================================================================
TIME_INTERP_EXTERNAL_MOD
unknown
&TIME_INTERP_EXTERNAL_NML
 NUM_IO_BUFFERS=2          ,
 DEBUG_THIS_MODULE=F,
 MAX_FIELDS=100        ,
 MAX_FILES=40         ,
 /

================================================================================
TIME_INTERP_MOD
unknown
&TIME_INTERP_NML
 PERTHLIKE_BEHAVIOR=F,
 /
find_obsolete_params: unknown
MOM_unit_scaling: unknown
  MOM_unit_scaling Z_RESCALE_POWER: 0
  MOM_unit_scaling L_RESCALE_POWER: 0
  MOM_unit_scaling T_RESCALE_POWER: 0
  MOM_unit_scaling R_RESCALE_POWER: 0
  MOM_unit_scaling Q_RESCALE_POWER: 0
MOM: unknown
  MOM VERBOSITY: 2
  MOM DO_UNIT_TESTS: False
  MOM SPLIT: True
  MOM CALC_RHO_FOR_SEA_LEVEL: False
  MOM ENABLE_THERMODYNAMICS: True
  MOM USE_EOS: True
  MOM DIABATIC_FIRST: False
  MOM USE_CONTEMP_ABSSAL: False
  MOM ADIABATIC: False
  MOM DO_DYNAMICS: True
  MOM OFFLINE_TRACER_MODE: False
  MOM USE_REGRIDDING: False
  MOM BULKMIXEDLAYER: True
  MOM THICKNESSDIFFUSE: True
  MOM THICKNESSDIFFUSE_FIRST: True
  MOM BATHYMETRY_AT_VEL: False
  MOM DEBUG: False
  MOM DEBUG_TRUNCATIONS: False
  MOM DT: 1200.0
  MOM DT_THERM: 3600.0
  MOM THERMO_SPANS_COUPLING: False
  MOM HFREEZE: -1.0
  MOM INTERPOLATE_P_SURF: False
  MOM DTBT: -0.9
  MOM DTBT_RESET_PERIOD: -1.0
  MOM FRAZIL: True
  MOM DO_GEOTHERMAL: False
  MOM BOUND_SALINITY: True
  MOM MIN_SALINITY: 0.0
  MOM C_P: 3925.0
  MOM USE_PSURF_IN_EOS: True
  MOM P_REF: 2.0E+07
  MOM NKML: 2
  MOM NKBL: 2
  MOM GLOBAL_INDEXING: False
  MOM FIRST_DIRECTION: 0
  MOM CHECK_BAD_SURFACE_VALS: True
  MOM BAD_VAL_SSH_MAX: 50.0
  MOM BAD_VAL_SSS_MAX: 65.0
  MOM BAD_VAL_SST_MAX: 55.0
  MOM BAD_VAL_SST_MIN: -3.0
  MOM BAD_VAL_COLUMN_THICKNESS: 0.0
  MOM DEFAULT_2018_ANSWERS: False
  MOM SURFACE_2018_ANSWERS: False
  MOM USE_DIABATIC_TIME_BUG: False
  MOM SAVE_INITIAL_CONDS: True
  MOM IC_OUTPUT_FILE: GOLD_IC
  MOM WRITE_GEOM: 1
  MOM ICE_SHELF: False
  MOM ENSEMBLE_OCEAN: False
  MOM ROTATE_INDEX: False
MOM_domains: unknown
  MOM_domains REENTRANT_X: True
  MOM_domains REENTRANT_Y: False
  MOM_domains TRIPOLAR_N: True
  MOM_domains !SYMMETRIC_MEMORY_: True
  MOM_domains NONBLOCKING_UPDATES: False
  MOM_domains THIN_HALO_UPDATES: True
  MOM_domains !STATIC_MEMORY_: False
  MOM_domains NIGLOBAL: 1440
  MOM_domains NJGLOBAL: 1080
  MOM_domains NIHALO: 4
  MOM_domains NJHALO: 4
  MOM_domains MASKTABLE: MOM_mask_table
  MOM_domains NIPROC: 1
  MOM_domains NJPROC: 1
  MOM_domains LAYOUT: 1, 1
  MOM_domains IO_LAYOUT: 0, 0

MOM_in domain decomposition:     1 X    1
   pe,   is,  ie,  js,  je,    isd, ied, jsd, jed

MOM_inc domain decomposition:     1 X    1
   pe,   is,  ie,  js,  je,    isd, ied, jsd, jed
MOM_debugging: unknown
  MOM_debugging DEBUG: False
  MOM_debugging DEBUG_CHKSUMS: False
  MOM_debugging DEBUG_REDUNDANT: False
MOM_checksums: unknown

================================================================================
DIAG_UTIL_MOD
unknown

================================================================================
DIAG_DATA_MOD
unknown

================================================================================
DIAG_MANAGER_MOD
unknown
&DIAG_MANAGER_NML
 APPEND_PELIST_NAME=F,
 MIX_SNAPSHOT_AVERAGE_FIELDS=F,
 MAX_OUTPUT_FIELDS=699        ,
 MAX_INPUT_FIELDS=699        ,
 MAX_AXES=100        ,
 DO_DIAG_FIELD_LOG=F,
 WRITE_BYTES_IN_FILE=F,
 DEBUG_DIAG_MANAGER=F,
 MAX_NUM_AXIS_SETS=100        ,
 MAX_FILES=31         ,
 USE_CMOR=F,
 ISSUE_OOR_WARNINGS=T,
 OOR_WARNINGS_FATAL=F,
 MAX_OUT_PER_IN_FIELD=150        ,
 FLUSH_NC_FILES=F,
 REGION_OUT_USE_ALT_VALUE=T,
 MAX_FIELD_ATTRIBUTES=4          ,
 MAX_FILE_ATTRIBUTES=2          ,
 MAX_AXIS_ATTRIBUTES=4          ,
 PREPEND_DATE=T,
 WRITE_MANIFEST_FILE=F,
 /
========================================================================
READ_ASCII_FILE: unknown
READ_ASCII_FILE: File: diag_table
base date used = 1900 January  1  0:00:00 gmt

================================================================================
DIAG_AXIS_MOD
unknown
MOM_io: unknown
MOM_hor_index: unknown

MOM_in domain decomposition:     1 X    1
   pe,   is,  ie,  js,  je,    isd, ied, jsd, jed

MOM_in domain decomposition:     1 X    1
   pe,   is,  ie,  js,  je,    isd, ied, jsd, jed
MOM_fixed_initialization: unknown
  MOM_fixed_initialization DEBUG: False
  MOM_fixed_initialization INPUTDIR: INPUT
MOM_grid_init: unknown
  MOM_grid_init GRID_CONFIG: mosaic
  MOM_grid_init DEBUG: False
  MOM_grid_init set_grid_metrics_from_mosaic GRID_FILE: ocean_hgrid.nc
  MOM_grid_init set_grid_metrics_from_mosaic USE_TRIPOLAR_GEOLONB_BUG: False
  MOM_grid_init set_grid_metrics_from_mosaic INPUTDIR: INPUT
  MOM_grid_init set_grid_metrics_from_mosaic INPUTDIR/GRID_FILE: INPUT/ocean_hgrid.nc
